2024-08-05 11:06:08,880	[INFO]	(client.py:162)_bot_login	[botpy] 登录机器人账号中...
2024-08-05 11:06:09,150	[INFO]	(robot.py:65)update_access_token	[botpy] access_token expires_in 4544
2024-08-05 11:06:09,349	[ERROR]	(http.py:76)_handle_response	[botpy] 接口请求异常，请求连接: https://api.sgroup.qq.com/users/@me, 错误代码: 401, 返回内容: {'message': '接口访问源IP不在白名单', 'code': 11298, 'err_code': 40023002, 'trace_id': 'd2c9ced2e869b763ecab8d2d0b1db07c'}, trace_id:d2c9ced2e869b763ecab8d2d0b1db07c
2024-08-05 11:07:47,204	[INFO]	(client.py:162)_bot_login	[botpy] 登录机器人账号中...
2024-08-05 11:07:47,349	[INFO]	(robot.py:65)update_access_token	[botpy] access_token expires_in 4446
2024-08-05 11:07:47,875	[INFO]	(client.py:181)_bot_init	[botpy] 程序启动...
2024-08-05 11:07:47,875	[INFO]	(connection.py:60)multi_run	[botpy] 最大并发连接数: 1, 启动会话数: 1
2024-08-05 11:07:47,875	[INFO]	(client.py:242)bot_connect	[botpy] 会话启动中...
2024-08-05 11:07:47,875	[INFO]	(gateway.py:115)ws_connect	[botpy] 启动中...
2024-08-05 11:07:47,992	[INFO]	(gateway.py:142)ws_identify	[botpy] 鉴权中...
2024-08-05 11:07:48,096	[INFO]	(gateway.py:85)on_message	[botpy] 机器人「彩星kami-测试中」启动成功！
2024-08-05 11:07:48,096	[INFO]	(gateway.py:223)_send_heart	[botpy] 心跳维持启动...
2024-08-05 11:07:48,097	[INFO]	(main.py:18)on_ready	彩星kami启动了
2024-08-05 11:16:16,973	[INFO]	(client.py:162)_bot_login	[botpy] 登录机器人账号中...
2024-08-05 11:16:17,163	[INFO]	(robot.py:65)update_access_token	[botpy] access_token expires_in 3936
2024-08-05 11:16:17,613	[INFO]	(client.py:181)_bot_init	[botpy] 程序启动...
2024-08-05 11:16:17,614	[INFO]	(connection.py:60)multi_run	[botpy] 最大并发连接数: 1, 启动会话数: 1
2024-08-05 11:16:17,614	[INFO]	(client.py:242)bot_connect	[botpy] 会话启动中...
2024-08-05 11:16:17,615	[INFO]	(gateway.py:115)ws_connect	[botpy] 启动中...
2024-08-05 11:16:17,745	[INFO]	(gateway.py:142)ws_identify	[botpy] 鉴权中...
2024-08-05 11:16:17,874	[INFO]	(gateway.py:85)on_message	[botpy] 机器人「彩星kami-测试中」启动成功！
2024-08-05 11:16:17,875	[INFO]	(gateway.py:223)_send_heart	[botpy] 心跳维持启动...
2024-08-05 11:16:17,876	[INFO]	(main.py:18)on_ready	robot 「彩星kami-测试中」 on_ready!
2024-08-05 11:16:29,652	[INFO]	(main.py:26)on_group_at_message_create	{'id': 'ROBOT1.0_JogvPZdCt3fSIxbSXjfUracbsNFRPQp92MmA9ZCmY0OpYtv9o-88ARepoJ1BgwdFC80NOg5LaoPrXzs-cc33AQ!!', 'timestamp': '2024-08-05T11:16:18+08:00'}
2024-08-05 11:17:12,734	[INFO]	(main.py:26)on_group_at_message_create	{'id': 'ROBOT1.0_JogvPZdCt3fSIxbSXjfUrXxlK.tDx7pQAUBIeMQKtcDSGUHq0tg4KdOypibYaRf8CQZP1JDduiQ7cwh4v.wc.Q!!', 'timestamp': '2024-08-05T11:17:01+08:00'}
2024-08-05 11:18:14,566	[INFO]	(main.py:26)on_group_at_message_create	{'id': 'ROBOT1.0_JogvPZdCt3fSIxbSXjfUrV8iigB9Fx011jbQG5tX66s3pPzP1g5xbg1OazLt5TWijGSC9kN3gZALLMZgd6WJcQ!!', 'timestamp': '2024-08-05T11:18:03+08:00'}
2024-08-05 11:18:28,537	[INFO]	(main.py:26)on_group_at_message_create	{'id': 'ROBOT1.0_JogvPZdCt3fSIxbSXjfUrWMC9fG59V55oJ6QBi74xADNhF7mkCsguAtZ8MQZFNGzWJrRLrzu4JLVTgFuT7GBYA!!', 'timestamp': '2024-08-05T11:18:17+08:00'}
2024-08-05 11:18:52,801	[INFO]	(main.py:26)on_group_at_message_create	{'id': 'ROBOT1.0_JogvPZdCt3fSIxbSXjfUrWmYJi6WYHGb-4-1WYr90Ct-bqDf0rfEkjpYGlxZaNWSq00MDM4na1GdcGx2UR63yA!!', 'timestamp': '2024-08-05T11:18:41+08:00'}
2024-08-05 11:21:26,057	[INFO]	(client.py:162)_bot_login	[botpy] 登录机器人账号中...
2024-08-05 11:21:26,206	[INFO]	(robot.py:65)update_access_token	[botpy] access_token expires_in 3627
2024-08-05 11:21:26,644	[INFO]	(client.py:181)_bot_init	[botpy] 程序启动...
2024-08-05 11:21:26,645	[INFO]	(connection.py:60)multi_run	[botpy] 最大并发连接数: 1, 启动会话数: 1
2024-08-05 11:21:26,645	[INFO]	(client.py:242)bot_connect	[botpy] 会话启动中...
2024-08-05 11:21:26,645	[INFO]	(gateway.py:115)ws_connect	[botpy] 启动中...
2024-08-05 11:21:26,806	[INFO]	(gateway.py:142)ws_identify	[botpy] 鉴权中...
2024-08-05 11:21:26,921	[INFO]	(gateway.py:85)on_message	[botpy] 机器人「彩星kami-测试中」启动成功！
2024-08-05 11:21:26,921	[INFO]	(gateway.py:223)_send_heart	[botpy] 心跳维持启动...
2024-08-05 11:21:26,921	[INFO]	(main.py:18)on_ready	robot 「彩星kami-测试中」 on_ready!
2024-08-05 11:22:57,642	[ERROR]	(http.py:76)_handle_response	[botpy] 接口请求异常，请求连接: https://api.sgroup.qq.com/v2/groups/67C4F014261439CAC2C7AF2848521C0C/messages, 错误代码: 500, 返回内容: {'message': 'invalid msgType', 'code': 304060, 'err_code': 304060, 'trace_id': '4024686b1fe31efb2002603de64715ff'}, trace_id:4024686b1fe31efb2002603de64715ff
2024-08-05 11:25:39,340	[ERROR]	(http.py:76)_handle_response	[botpy] 接口请求异常，请求连接: https://api.sgroup.qq.com/v2/groups/67C4F014261439CAC2C7AF2848521C0C/messages, 错误代码: 500, 返回内容: {'message': 'invalid msgType', 'code': 304060, 'err_code': 304060, 'trace_id': 'f7d8b124f82366e139230e5a0b47012b'}, trace_id:f7d8b124f82366e139230e5a0b47012b
2024-08-05 11:26:00,593	[INFO]	(client.py:162)_bot_login	[botpy] 登录机器人账号中...
2024-08-05 11:26:00,766	[INFO]	(robot.py:65)update_access_token	[botpy] access_token expires_in 3352
2024-08-05 11:26:01,197	[INFO]	(client.py:181)_bot_init	[botpy] 程序启动...
2024-08-05 11:26:01,198	[INFO]	(connection.py:60)multi_run	[botpy] 最大并发连接数: 1, 启动会话数: 1
2024-08-05 11:26:01,198	[INFO]	(client.py:242)bot_connect	[botpy] 会话启动中...
2024-08-05 11:26:01,198	[INFO]	(gateway.py:115)ws_connect	[botpy] 启动中...
2024-08-05 11:26:01,332	[INFO]	(gateway.py:142)ws_identify	[botpy] 鉴权中...
2024-08-05 11:26:01,430	[INFO]	(gateway.py:85)on_message	[botpy] 机器人「彩星kami-测试中」启动成功！
2024-08-05 11:26:01,430	[INFO]	(gateway.py:223)_send_heart	[botpy] 心跳维持启动...
2024-08-05 11:26:01,430	[INFO]	(main.py:18)on_ready	robot 「彩星kami-测试中」 on_ready!
2024-08-05 11:26:03,223	[INFO]	(main.py:26)on_group_at_message_create	{'id': 'ROBOT1.0_JogvPZdCt3fSIxbSXjfUrVSPVLEkHuBQ.KK.mPwq9LGIPWQZ2sRwYshYHRO5ao7Y09EjW5q5dC2v-76vuFDKVw!!', 'timestamp': '2024-08-05T11:25:52+08:00'}
2024-08-05 11:29:31,446	[INFO]	(client.py:162)_bot_login	[botpy] 登录机器人账号中...
2024-08-05 11:29:31,680	[INFO]	(robot.py:65)update_access_token	[botpy] access_token expires_in 3141
2024-08-05 11:29:32,323	[INFO]	(client.py:181)_bot_init	[botpy] 程序启动...
2024-08-05 11:29:32,323	[INFO]	(connection.py:60)multi_run	[botpy] 最大并发连接数: 1, 启动会话数: 1
2024-08-05 11:29:32,324	[INFO]	(client.py:242)bot_connect	[botpy] 会话启动中...
2024-08-05 11:29:32,324	[INFO]	(gateway.py:115)ws_connect	[botpy] 启动中...
2024-08-05 11:29:32,602	[INFO]	(gateway.py:142)ws_identify	[botpy] 鉴权中...
2024-08-05 11:29:32,717	[INFO]	(gateway.py:85)on_message	[botpy] 机器人「彩星kami-测试中」启动成功！
2024-08-05 11:29:32,717	[INFO]	(gateway.py:223)_send_heart	[botpy] 心跳维持启动...
2024-08-05 11:29:32,717	[INFO]	(main.py:18)on_ready	robot 「彩星kami-测试中」 on_ready!
2024-08-05 11:29:41,761	[INFO]	(main.py:21)on_group_at_message_create	  
2024-08-05 11:29:42,064	[ERROR]	(http.py:76)_handle_response	[botpy] 接口请求异常，请求连接: https://api.sgroup.qq.com/v2/groups/67C4F014261439CAC2C7AF2848521C0C/messages, 错误代码: 500, 返回内容: {'message': 'invalid msgType', 'code': 304060, 'err_code': 304060, 'trace_id': '330aac77ed13644fb2975053b2a903ef'}, trace_id:330aac77ed13644fb2975053b2a903ef
2024-08-05 11:31:07,078	[INFO]	(client.py:162)_bot_login	[botpy] 登录机器人账号中...
2024-08-05 11:31:07,310	[INFO]	(robot.py:65)update_access_token	[botpy] access_token expires_in 3046
2024-08-05 11:31:07,828	[INFO]	(client.py:181)_bot_init	[botpy] 程序启动...
2024-08-05 11:31:07,828	[INFO]	(connection.py:60)multi_run	[botpy] 最大并发连接数: 1, 启动会话数: 1
2024-08-05 11:31:07,828	[INFO]	(client.py:242)bot_connect	[botpy] 会话启动中...
2024-08-05 11:31:07,829	[INFO]	(gateway.py:115)ws_connect	[botpy] 启动中...
2024-08-05 11:31:08,018	[INFO]	(gateway.py:142)ws_identify	[botpy] 鉴权中...
2024-08-05 11:31:08,146	[INFO]	(gateway.py:85)on_message	[botpy] 机器人「彩星kami-测试中」启动成功！
2024-08-05 11:31:08,146	[INFO]	(gateway.py:223)_send_heart	[botpy] 心跳维持启动...
2024-08-05 11:31:08,146	[INFO]	(main.py:18)on_ready	robot 「彩星kami-测试中」 on_ready!
2024-08-05 11:31:21,209	[INFO]	(main.py:21)on_group_at_message_create	   e
2024-08-05 11:32:21,707	[INFO]	(client.py:162)_bot_login	[botpy] 登录机器人账号中...
2024-08-05 11:32:21,959	[INFO]	(robot.py:65)update_access_token	[botpy] access_token expires_in 2971
2024-08-05 11:32:22,504	[INFO]	(client.py:181)_bot_init	[botpy] 程序启动...
2024-08-05 11:32:22,504	[INFO]	(connection.py:60)multi_run	[botpy] 最大并发连接数: 1, 启动会话数: 1
2024-08-05 11:32:22,505	[INFO]	(client.py:242)bot_connect	[botpy] 会话启动中...
2024-08-05 11:32:22,505	[INFO]	(gateway.py:115)ws_connect	[botpy] 启动中...
2024-08-05 11:32:22,691	[INFO]	(gateway.py:142)ws_identify	[botpy] 鉴权中...
2024-08-05 11:32:22,807	[INFO]	(gateway.py:85)on_message	[botpy] 机器人「彩星kami-测试中」启动成功！
2024-08-05 11:32:22,807	[INFO]	(gateway.py:223)_send_heart	[botpy] 心跳维持启动...
2024-08-05 11:32:22,808	[INFO]	(main.py:18)on_ready	robot 「彩星kami-测试中」 on_ready!
2024-08-05 11:32:41,928	[INFO]	(main.py:21)on_group_at_message_create	  1
2024-08-05 11:33:36,889	[INFO]	(client.py:162)_bot_login	[botpy] 登录机器人账号中...
2024-08-05 11:33:37,115	[INFO]	(robot.py:65)update_access_token	[botpy] access_token expires_in 2896
2024-08-05 11:33:37,589	[INFO]	(client.py:181)_bot_init	[botpy] 程序启动...
2024-08-05 11:33:37,589	[INFO]	(connection.py:60)multi_run	[botpy] 最大并发连接数: 1, 启动会话数: 1
2024-08-05 11:33:37,590	[INFO]	(client.py:242)bot_connect	[botpy] 会话启动中...
2024-08-05 11:33:37,590	[INFO]	(gateway.py:115)ws_connect	[botpy] 启动中...
2024-08-05 11:33:37,736	[INFO]	(gateway.py:142)ws_identify	[botpy] 鉴权中...
2024-08-05 11:33:37,822	[INFO]	(gateway.py:85)on_message	[botpy] 机器人「彩星kami-测试中」启动成功！
2024-08-05 11:33:37,822	[INFO]	(gateway.py:223)_send_heart	[botpy] 心跳维持启动...
2024-08-05 11:33:37,822	[INFO]	(main.py:18)on_ready	robot 「彩星kami-测试中」 on_ready!
2024-08-05 11:33:54,426	[INFO]	(main.py:21)on_group_at_message_create	  
2024-08-05 11:33:54,645	[ERROR]	(http.py:76)_handle_response	[botpy] 接口请求异常，请求连接: https://api.sgroup.qq.com/v2/groups/67C4F014261439CAC2C7AF2848521C0C/messages, 错误代码: 500, 返回内容: {'message': 'invalid msgType', 'code': 304060, 'err_code': 304060, 'trace_id': '81fb8474378870f13f52d047f39cea8a'}, trace_id:81fb8474378870f13f52d047f39cea8a
2024-08-05 11:36:42,929	[INFO]	(main.py:21)on_group_at_message_create	 <faceType=1,faceId="266",ext="eyJ0ZXh0Ijoi5ZOm5ZOfIn0=">
2024-08-05 11:36:43,646	[ERROR]	(http.py:76)_handle_response	[botpy] 接口请求异常，请求连接: https://api.sgroup.qq.com/v2/groups/67C4F014261439CAC2C7AF2848521C0C/messages, 错误代码: 500, 返回内容: {'message': 'invalid msgType', 'code': 304060, 'err_code': 304060, 'trace_id': 'dfee3c0ab8c705ef1f22630223e66c43'}, trace_id:dfee3c0ab8c705ef1f22630223e66c43
2024-08-05 16:31:25,785	[INFO]	(client.py:162)_bot_login	[botpy] 登录机器人账号中...
2024-08-05 16:31:26,210	[INFO]	(robot.py:65)update_access_token	[botpy] access_token expires_in 6676
2024-08-05 16:31:26,648	[INFO]	(client.py:181)_bot_init	[botpy] 程序启动...
2024-08-05 16:31:26,648	[INFO]	(connection.py:60)multi_run	[botpy] 最大并发连接数: 1, 启动会话数: 1
2024-08-05 16:31:26,648	[INFO]	(client.py:242)bot_connect	[botpy] 会话启动中...
2024-08-05 16:31:26,649	[INFO]	(gateway.py:115)ws_connect	[botpy] 启动中...
2024-08-05 16:31:26,756	[INFO]	(gateway.py:142)ws_identify	[botpy] 鉴权中...
2024-08-05 16:31:26,863	[INFO]	(gateway.py:85)on_message	[botpy] 机器人「彩星kami-测试中」启动成功！
2024-08-05 16:31:26,863	[INFO]	(gateway.py:223)_send_heart	[botpy] 心跳维持启动...
2024-08-05 16:31:26,863	[INFO]	(main.py:18)on_ready	robot 「彩星kami-测试中」 on_ready!
2024-08-05 16:35:39,744	[INFO]	(client.py:162)_bot_login	[botpy] 登录机器人账号中...
2024-08-05 16:35:40,091	[INFO]	(robot.py:65)update_access_token	[botpy] access_token expires_in 6422
2024-08-05 16:35:40,763	[INFO]	(client.py:181)_bot_init	[botpy] 程序启动...
2024-08-05 16:35:40,763	[INFO]	(connection.py:60)multi_run	[botpy] 最大并发连接数: 1, 启动会话数: 1
2024-08-05 16:35:40,764	[INFO]	(client.py:242)bot_connect	[botpy] 会话启动中...
2024-08-05 16:35:40,764	[INFO]	(gateway.py:115)ws_connect	[botpy] 启动中...
2024-08-05 16:35:41,287	[INFO]	(gateway.py:142)ws_identify	[botpy] 鉴权中...
2024-08-05 16:35:41,417	[INFO]	(gateway.py:85)on_message	[botpy] 机器人「彩星kami-测试中」启动成功！
2024-08-05 16:35:41,417	[INFO]	(gateway.py:223)_send_heart	[botpy] 心跳维持启动...
2024-08-05 16:35:41,418	[INFO]	(main.py:18)on_ready	robot 「彩星kami-测试中」 on_ready!
2024-08-05 16:38:21,853	[INFO]	(main.py:26)on_group_at_message_create	{'id': 'ROBOT1.0_JogvPZdCt3fSIxbSXjfUrQX8L7D-PDWyEy92f0Iqh4hauZRk3J6AS7n8Jpt3RC5DndOZG8blY624HS0obbvDcA!!', 'timestamp': '2024-08-05T16:38:11+08:00'}
2024-08-05 16:41:45,977	[INFO]	(main.py:26)on_group_at_message_create	{'id': 'ROBOT1.0_JogvPZdCt3fSIxbSXjfUrbPCbNbl7B-CmNLNCJYWF.f0E4fGfHPUGuHWmvfhkk5RJQzk8rvgqaBHL1EkL6Wu0g!!', 'timestamp': '2024-08-05T16:41:35+08:00'}
2024-08-05 16:42:34,127	[INFO]	(main.py:26)on_group_at_message_create	{'id': 'ROBOT1.0_JogvPZdCt3fSIxbSXjfUrbWgF-XBg5DPYskX1PjxGYwhO7BuR34ayGp1r73EDq0IiQFOephZ7icmM-xh2bEVJA!!', 'timestamp': '2024-08-05T16:42:23+08:00'}
2024-08-05 16:44:21,550	[INFO]	(main.py:26)on_group_at_message_create	{'id': 'ROBOT1.0_JogvPZdCt3fSIxbSXjfUreFdEVkMBJMH-ZJF.8x.aBlovyNHJ8D-7ulss613tLAPF0428P-VUFbj46nqRlXWeQ!!', 'timestamp': '2024-08-05T16:44:10+08:00'}
2024-08-05 16:49:57,948	[INFO]	(client.py:162)_bot_login	[botpy] 登录机器人账号中...
2024-08-05 16:49:58,127	[INFO]	(robot.py:65)update_access_token	[botpy] access_token expires_in 5564
2024-08-05 16:49:58,600	[INFO]	(client.py:181)_bot_init	[botpy] 程序启动...
2024-08-05 16:49:58,600	[INFO]	(connection.py:60)multi_run	[botpy] 最大并发连接数: 1, 启动会话数: 1
2024-08-05 16:49:58,601	[INFO]	(client.py:242)bot_connect	[botpy] 会话启动中...
2024-08-05 16:49:58,601	[INFO]	(gateway.py:115)ws_connect	[botpy] 启动中...
2024-08-05 16:49:58,751	[INFO]	(gateway.py:142)ws_identify	[botpy] 鉴权中...
2024-08-05 16:49:58,845	[INFO]	(gateway.py:85)on_message	[botpy] 机器人「彩星kami-测试中」启动成功！
2024-08-05 16:49:58,845	[INFO]	(gateway.py:223)_send_heart	[botpy] 心跳维持启动...
2024-08-05 16:49:58,845	[INFO]	(main.py:18)on_ready	robot 「彩星kami-测试中」 on_ready!
2024-08-05 17:02:38,349	[INFO]	(client.py:162)_bot_login	[botpy] 登录机器人账号中...
2024-08-05 17:03:01,410	[INFO]	(client.py:162)_bot_login	[botpy] 登录机器人账号中...
2024-08-05 17:03:22,180	[INFO]	(robot.py:58)update_access_token	[botpy] access_token TimeoutError:
2024-08-05 17:03:34,537	[INFO]	(client.py:162)_bot_login	[botpy] 登录机器人账号中...
2024-08-05 17:03:35,966	[INFO]	(robot.py:65)update_access_token	[botpy] access_token expires_in 4746
2024-08-05 17:03:41,191	[WARNING]	(http.py:192)request	请求超时，请求连接: https://api.sgroup.qq.com/users/@me
2024-08-05 17:03:47,191	[WARNING]	(http.py:192)request	请求超时，请求连接: https://api.sgroup.qq.com/gateway/bot
2024-08-05 17:05:01,062	[INFO]	(client.py:162)_bot_login	[botpy] 登录机器人账号中...
2024-08-05 17:05:21,190	[INFO]	(robot.py:58)update_access_token	[botpy] access_token TimeoutError:
2024-08-05 17:05:37,631	[INFO]	(client.py:162)_bot_login	[botpy] 登录机器人账号中...
2024-08-05 17:05:37,785	[INFO]	(robot.py:65)update_access_token	[botpy] access_token expires_in 4625
2024-08-05 17:05:43,182	[WARNING]	(http.py:192)request	请求超时，请求连接: https://api.sgroup.qq.com/gateway/bot
2024-08-05 17:06:19,930	[INFO]	(client.py:162)_bot_login	[botpy] 登录机器人账号中...
2024-08-05 17:06:20,083	[INFO]	(robot.py:65)update_access_token	[botpy] access_token expires_in 4582
2024-08-05 17:06:26,198	[WARNING]	(http.py:192)request	请求超时，请求连接: https://api.sgroup.qq.com/gateway/bot
2024-08-05 17:08:51,043	[INFO]	(client.py:162)_bot_login	[botpy] 登录机器人账号中...
2024-08-05 17:08:51,503	[INFO]	(robot.py:65)update_access_token	[botpy] access_token expires_in 4431
2024-08-05 17:08:57,186	[WARNING]	(http.py:192)request	请求超时，请求连接: https://api.sgroup.qq.com/users/@me
2024-08-05 17:09:02,202	[WARNING]	(http.py:192)request	请求超时，请求连接: https://api.sgroup.qq.com/gateway/bot
2024-08-05 17:10:05,403	[INFO]	(client.py:162)_bot_login	[botpy] 登录机器人账号中...
2024-08-05 17:10:05,563	[INFO]	(robot.py:65)update_access_token	[botpy] access_token expires_in 4357
2024-08-05 17:10:09,034	[INFO]	(client.py:181)_bot_init	[botpy] 程序启动...
2024-08-05 17:10:09,034	[INFO]	(connection.py:60)multi_run	[botpy] 最大并发连接数: 1, 启动会话数: 1
2024-08-05 17:10:09,035	[INFO]	(client.py:242)bot_connect	[botpy] 会话启动中...
2024-08-05 17:10:09,035	[INFO]	(gateway.py:115)ws_connect	[botpy] 启动中...
2024-08-05 17:10:12,195	[INFO]	(gateway.py:142)ws_identify	[botpy] 鉴权中...
2024-08-05 17:10:12,347	[INFO]	(gateway.py:85)on_message	[botpy] 机器人「彩星kami-测试中」启动成功！
2024-08-05 17:10:12,348	[INFO]	(gateway.py:223)_send_heart	[botpy] 心跳维持启动...
2024-08-05 17:10:12,348	[INFO]	(main.py:18)on_ready	robot 「彩星kami-测试中」 on_ready!
2024-08-05 17:11:16,436	[INFO]	(client.py:162)_bot_login	[botpy] 登录机器人账号中...
2024-08-05 17:11:19,887	[INFO]	(robot.py:65)update_access_token	[botpy] access_token expires_in 4283
2024-08-05 17:11:21,303	[INFO]	(client.py:181)_bot_init	[botpy] 程序启动...
2024-08-05 17:11:21,303	[INFO]	(connection.py:60)multi_run	[botpy] 最大并发连接数: 1, 启动会话数: 1
2024-08-05 17:11:21,303	[INFO]	(client.py:242)bot_connect	[botpy] 会话启动中...
2024-08-05 17:11:21,303	[INFO]	(gateway.py:115)ws_connect	[botpy] 启动中...
2024-08-05 17:11:22,419	[INFO]	(gateway.py:142)ws_identify	[botpy] 鉴权中...
2024-08-05 17:11:22,508	[INFO]	(gateway.py:85)on_message	[botpy] 机器人「彩星kami-测试中」启动成功！
2024-08-05 17:11:22,509	[INFO]	(gateway.py:223)_send_heart	[botpy] 心跳维持启动...
2024-08-05 17:11:22,509	[INFO]	(main.py:18)on_ready	robot 「彩星kami-测试中」 on_ready!
2024-08-05 17:11:41,894	[INFO]	(client.py:162)_bot_login	[botpy] 登录机器人账号中...
2024-08-05 17:11:42,073	[INFO]	(robot.py:65)update_access_token	[botpy] access_token expires_in 4260
2024-08-05 17:11:43,545	[INFO]	(client.py:181)_bot_init	[botpy] 程序启动...
2024-08-05 17:11:43,545	[INFO]	(connection.py:60)multi_run	[botpy] 最大并发连接数: 1, 启动会话数: 1
2024-08-05 17:11:43,545	[INFO]	(client.py:242)bot_connect	[botpy] 会话启动中...
2024-08-05 17:11:43,545	[INFO]	(gateway.py:115)ws_connect	[botpy] 启动中...
2024-08-05 17:11:46,677	[INFO]	(gateway.py:142)ws_identify	[botpy] 鉴权中...
2024-08-05 17:11:46,771	[INFO]	(gateway.py:85)on_message	[botpy] 机器人「彩星kami-测试中」启动成功！
2024-08-05 17:11:46,771	[INFO]	(gateway.py:223)_send_heart	[botpy] 心跳维持启动...
2024-08-05 17:11:46,771	[INFO]	(main.py:18)on_ready	robot 「彩星kami-测试中」 on_ready!
2024-08-05 17:12:27,868	[INFO]	(client.py:162)_bot_login	[botpy] 登录机器人账号中...
2024-08-05 17:12:28,021	[INFO]	(robot.py:65)update_access_token	[botpy] access_token expires_in 4214
2024-08-05 17:12:28,447	[INFO]	(client.py:181)_bot_init	[botpy] 程序启动...
2024-08-05 17:12:28,447	[INFO]	(connection.py:60)multi_run	[botpy] 最大并发连接数: 1, 启动会话数: 1
2024-08-05 17:12:28,447	[INFO]	(client.py:242)bot_connect	[botpy] 会话启动中...
2024-08-05 17:12:28,447	[INFO]	(gateway.py:115)ws_connect	[botpy] 启动中...
2024-08-05 17:12:28,600	[INFO]	(gateway.py:142)ws_identify	[botpy] 鉴权中...
2024-08-05 17:12:28,692	[INFO]	(gateway.py:85)on_message	[botpy] 机器人「彩星kami-测试中」启动成功！
2024-08-05 17:12:28,692	[INFO]	(gateway.py:223)_send_heart	[botpy] 心跳维持启动...
2024-08-05 17:12:28,692	[INFO]	(main.py:18)on_ready	robot 「彩星kami-测试中」 on_ready!
2024-08-05 17:14:11,406	[INFO]	(client.py:162)_bot_login	[botpy] 登录机器人账号中...
2024-08-05 17:14:12,831	[INFO]	(robot.py:65)update_access_token	[botpy] access_token expires_in 4110
2024-08-05 17:14:14,234	[INFO]	(client.py:181)_bot_init	[botpy] 程序启动...
2024-08-05 17:14:14,234	[INFO]	(connection.py:60)multi_run	[botpy] 最大并发连接数: 1, 启动会话数: 1
2024-08-05 17:14:14,235	[INFO]	(client.py:242)bot_connect	[botpy] 会话启动中...
2024-08-05 17:14:14,235	[INFO]	(gateway.py:115)ws_connect	[botpy] 启动中...
2024-08-05 17:14:14,379	[INFO]	(gateway.py:142)ws_identify	[botpy] 鉴权中...
2024-08-05 17:14:14,468	[INFO]	(gateway.py:85)on_message	[botpy] 机器人「彩星kami-测试中」启动成功！
2024-08-05 17:14:14,468	[INFO]	(gateway.py:223)_send_heart	[botpy] 心跳维持启动...
2024-08-05 17:14:14,469	[INFO]	(main.py:18)on_ready	robot 「彩星kami-测试中」 on_ready!
2024-08-05 17:14:19,501	[INFO]	(main.py:26)on_group_at_message_create	彩星kami-测试中
2024-08-05 17:14:19,501	[INFO]	(main.py:27)on_group_at_message_create	{'author': "{'member_openid': 'E45B0D856EF1DE9DC1DBBF50B1F3428F'}", 'group_openid': '67C4F014261439CAC2C7AF2848521C0C', 'content': ' 1', 'id': 'ROBOT1.0_iDfNC84bbJNb6nF8fU0r22tHAN7FDPAE9XiJqsTbhXQHPNL0V9rWhYLN4zp0dKkva.zD1apeNjzrnlYO3P7JGMtG81ovPjw88HwjHppK6Gc!', 'message_reference': "{'message_id': None}", 'mentions': '[]', 'attachments': '[]', 'msg_seq': 'None', 'timestamp': '2024-08-05T17:14:07+08:00', 'event_id': 'GROUP_AT_MESSAGE_CREATE:idfnc84bbjnb6nf8fu0r2jkubqnibqb43shim2jwplxqkgxwpynhysl6q6ws849'}
2024-08-05 17:15:13,438	[INFO]	(client.py:162)_bot_login	[botpy] 登录机器人账号中...
2024-08-05 17:15:17,258	[INFO]	(robot.py:65)update_access_token	[botpy] access_token expires_in 4045
2024-08-05 17:15:23,199	[WARNING]	(http.py:192)request	请求超时，请求连接: https://api.sgroup.qq.com/users/@me
2024-08-05 17:15:34,663	[INFO]	(client.py:162)_bot_login	[botpy] 登录机器人账号中...
2024-08-05 17:15:35,893	[INFO]	(robot.py:65)update_access_token	[botpy] access_token expires_in 4027
2024-08-05 17:15:37,192	[INFO]	(client.py:181)_bot_init	[botpy] 程序启动...
2024-08-05 17:15:37,192	[INFO]	(connection.py:60)multi_run	[botpy] 最大并发连接数: 1, 启动会话数: 1
2024-08-05 17:15:37,192	[INFO]	(client.py:242)bot_connect	[botpy] 会话启动中...
2024-08-05 17:15:37,193	[INFO]	(gateway.py:115)ws_connect	[botpy] 启动中...
2024-08-05 17:15:58,249	[ERROR]	(gateway.py:51)on_error	[botpy] websocket连接: None, 异常信息 : Cannot connect to host api.sgroup.qq.com:443 ssl:default [信号灯超时时间已到]
2024-08-05 17:16:03,288	[INFO]	(connection.py:60)multi_run	[botpy] 最大并发连接数: 1, 启动会话数: 1
2024-08-05 17:16:03,288	[INFO]	(client.py:242)bot_connect	[botpy] 会话启动中...
2024-08-05 17:16:03,288	[INFO]	(gateway.py:115)ws_connect	[botpy] 启动中...
2024-08-05 17:16:06,431	[INFO]	(gateway.py:142)ws_identify	[botpy] 鉴权中...
2024-08-05 17:16:06,520	[INFO]	(gateway.py:85)on_message	[botpy] 机器人「彩星kami-测试中」启动成功！
2024-08-05 17:16:06,520	[INFO]	(gateway.py:223)_send_heart	[botpy] 心跳维持启动...
2024-08-05 17:16:06,520	[INFO]	(main.py:18)on_ready	robot 「彩星kami-测试中」 on_ready!
2024-08-05 17:16:21,109	[INFO]	(main.py:26)on_group_at_message_create	彩星kami-测试中
2024-08-05 17:16:49,406	[INFO]	(client.py:162)_bot_login	[botpy] 登录机器人账号中...
2024-08-05 17:16:49,671	[INFO]	(robot.py:65)update_access_token	[botpy] access_token expires_in 3953
2024-08-05 17:16:55,198	[WARNING]	(http.py:192)request	请求超时，请求连接: https://api.sgroup.qq.com/users/@me
2024-08-05 17:17:00,843	[INFO]	(client.py:162)_bot_login	[botpy] 登录机器人账号中...
2024-08-05 17:17:00,990	[INFO]	(robot.py:65)update_access_token	[botpy] access_token expires_in 3941
2024-08-05 17:17:08,196	[WARNING]	(http.py:192)request	请求超时，请求连接: https://api.sgroup.qq.com/gateway/bot
2024-08-05 17:17:29,853	[INFO]	(client.py:162)_bot_login	[botpy] 登录机器人账号中...
2024-08-05 17:17:30,000	[INFO]	(robot.py:65)update_access_token	[botpy] access_token expires_in 3912
2024-08-05 17:17:30,388	[INFO]	(client.py:181)_bot_init	[botpy] 程序启动...
2024-08-05 17:17:30,389	[INFO]	(connection.py:60)multi_run	[botpy] 最大并发连接数: 1, 启动会话数: 1
2024-08-05 17:17:30,389	[INFO]	(client.py:242)bot_connect	[botpy] 会话启动中...
2024-08-05 17:17:30,390	[INFO]	(gateway.py:115)ws_connect	[botpy] 启动中...
2024-08-05 17:17:37,562	[INFO]	(gateway.py:142)ws_identify	[botpy] 鉴权中...
2024-08-05 17:17:37,644	[INFO]	(gateway.py:85)on_message	[botpy] 机器人「彩星kami-测试中」启动成功！
2024-08-05 17:17:37,644	[INFO]	(gateway.py:223)_send_heart	[botpy] 心跳维持启动...
2024-08-05 17:17:37,645	[INFO]	(main.py:18)on_ready	robot 「彩星kami-测试中」 启动成功!
2024-08-05 17:17:43,183	[INFO]	(main.py:26)on_group_at_message_create	{'彩星kami-测试中'}
2024-08-05 17:18:11,707	[INFO]	(client.py:162)_bot_login	[botpy] 登录机器人账号中...
2024-08-05 17:18:12,868	[INFO]	(robot.py:65)update_access_token	[botpy] access_token expires_in 3870
2024-08-05 17:18:17,333	[INFO]	(client.py:181)_bot_init	[botpy] 程序启动...
2024-08-05 17:18:17,333	[INFO]	(connection.py:60)multi_run	[botpy] 最大并发连接数: 1, 启动会话数: 1
2024-08-05 17:18:17,333	[INFO]	(client.py:242)bot_connect	[botpy] 会话启动中...
2024-08-05 17:18:17,333	[INFO]	(gateway.py:115)ws_connect	[botpy] 启动中...
2024-08-05 17:18:17,450	[INFO]	(gateway.py:142)ws_identify	[botpy] 鉴权中...
2024-08-05 17:18:17,552	[INFO]	(gateway.py:85)on_message	[botpy] 机器人「彩星kami-测试中」启动成功！
2024-08-05 17:18:17,552	[INFO]	(gateway.py:223)_send_heart	[botpy] 心跳维持启动...
2024-08-05 17:18:17,552	[INFO]	(main.py:18)on_ready	robot 「彩星kami-测试中」 启动成功!
2024-08-05 17:18:23,111	[INFO]	(main.py:26)on_group_at_message_create	{'彩星kami-测试中'}
2024-08-05 17:18:23,111	[INFO]	(main.py:27)on_group_at_message_create	{{'author': "{'member_openid': 'E45B0D856EF1DE9DC1DBBF50B1F3428F'}", 'group_openid': '67C4F014261439CAC2C7AF2848521C0C', 'content': ' 1', 'id': 'ROBOT1.0_iDfNC84bbJNb6nF8fU0r27fARJzawPgw.XUZjaeqkIKLSU4M4BeighY4-N3o.YkjEer7vQUAZ4nMleS9SSXesw!!', 'message_reference': "{'message_id': None}", 'mentions': '[]', 'attachments': '[]', 'msg_seq': 'None', 'timestamp': '2024-08-05T17:18:11+08:00', 'event_id': 'GROUP_AT_MESSAGE_CREATE:idfnc84bbjnb6nf8fu0r22shjiqzcn5l8dr1s5nvnuv957wseidnfe0ixfc6s'}}
2024-08-05 17:18:28,183	[WARNING]	(http.py:192)request	请求超时，请求连接: https://api.sgroup.qq.com/v2/groups/67C4F014261439CAC2C7AF2848521C0C/messages
2024-08-05 17:19:16,355	[INFO]	(main.py:26)on_group_at_message_create	{'彩星kami-测试中'}
2024-08-05 17:19:16,356	[INFO]	(main.py:27)on_group_at_message_create	{{'author': "{'member_openid': 'E45B0D856EF1DE9DC1DBBF50B1F3428F'}", 'group_openid': '67C4F014261439CAC2C7AF2848521C0C', 'content': '  ', 'id': 'ROBOT1.0_iDfNC84bbJNb6nF8fU0r2xG9Bn--mSQG6XbmwE19BMt0aNxRDMf1DH33kYlzJ6ii.ZgUzEMLUMsxl9XSIyWSdA!!', 'message_reference': "{'message_id': None}", 'mentions': '[]', 'attachments': "[{'content_type': 'image/jpeg', 'filename': 'D4ED4F23D6800B088444CCA484B85BD5.jpg', 'height': 46, 'width': 36, 'id': None, 'size': 1215, 'url': 'https://multimedia.nt.qq.com.cn/download?appid=1407&fileid=CgoxMDgzMzQ0MTI5EhRIAUWl8CXXsqxyi70rTNmtGD4MXhi_CSD_Ciij_vbYwt2HA1CAvaMB&rkey=CAMSKMa3OFokB_TlJ86QZ9wiG1U1-7CC_TMGSizLWCCEAoOPi6iNSAaNsO8&spec=0'}]", 'msg_seq': 'None', 'timestamp': '2024-08-05T17:19:05+08:00', 'event_id': 'GROUP_AT_MESSAGE_CREATE:idfnc84bbjnb6nf8fu0r2shjpqdkhpecbg7oiamxpuv957wseidnfe0ixfc6s'}}
2024-08-05 17:20:56,350	[INFO]	(main.py:26)on_group_at_message_create	{'彩星kami-测试中'}
2024-08-05 17:20:56,351	[INFO]	(main.py:27)on_group_at_message_create	{{'author': "{'member_openid': 'E45B0D856EF1DE9DC1DBBF50B1F3428F'}", 'group_openid': '67C4F014261439CAC2C7AF2848521C0C', 'content': '！a 3', 'id': 'ROBOT1.0_iDfNC84bbJNb6nF8fU0r2we8kDNTE9SstKkZUQ1PWVJf0QbCOrTXfvE7AIFCkCcpuFu5DLlTvAPh3kUaymUmeQ!!', 'message_reference': "{'message_id': None}", 'mentions': '[]', 'attachments': "[{'content_type': 'image/jpeg', 'filename': 'D4ED4F23D6800B088444CCA484B85BD5.jpg', 'height': 46, 'width': 36, 'id': None, 'size': 1215, 'url': 'https://multimedia.nt.qq.com.cn/download?appid=1407&fileid=CgoxMDgzMzQ0MTI5EhRIAUWl8CXXsqxyi70rTNmtGD4MXhi_CSD_Cijyo6uIw92HA1CAvaMB&rkey=CAESKBkcro_MGujo3gTTIWMWDaHdwJ_USE_43Gub6ZxDmwAGmNNRHjnCmVg&spec=0'}]", 'msg_seq': 'None', 'timestamp': '2024-08-05T17:20:44+08:00', 'event_id': 'GROUP_AT_MESSAGE_CREATE:idfnc84bbjnb6nf8fu0r28fk4romxakbmiwqcwv8jyncb3ifop7ft9skolij8yha'}}
2024-08-05 17:21:02,186	[WARNING]	(http.py:192)request	请求超时，请求连接: https://api.sgroup.qq.com/v2/groups/67C4F014261439CAC2C7AF2848521C0C/messages
2024-08-05 17:21:37,935	[INFO]	(client.py:162)_bot_login	[botpy] 登录机器人账号中...
2024-08-05 17:21:38,084	[INFO]	(robot.py:65)update_access_token	[botpy] access_token expires_in 3664
2024-08-05 17:21:38,500	[INFO]	(client.py:181)_bot_init	[botpy] 程序启动...
2024-08-05 17:21:38,500	[INFO]	(connection.py:60)multi_run	[botpy] 最大并发连接数: 1, 启动会话数: 1
2024-08-05 17:21:38,500	[INFO]	(client.py:242)bot_connect	[botpy] 会话启动中...
2024-08-05 17:21:38,500	[INFO]	(gateway.py:115)ws_connect	[botpy] 启动中...
2024-08-05 17:21:38,639	[INFO]	(gateway.py:142)ws_identify	[botpy] 鉴权中...
2024-08-05 17:21:38,766	[INFO]	(gateway.py:85)on_message	[botpy] 机器人「彩星kami-测试中」启动成功！
2024-08-05 17:21:38,766	[INFO]	(gateway.py:223)_send_heart	[botpy] 心跳维持启动...
2024-08-05 17:21:38,766	[INFO]	(main.py:18)on_ready	robot 「彩星kami-测试中」 启动成功!
2024-08-05 17:21:46,825	[INFO]	(main.py:26)on_group_at_message_create	{'彩星kami-测试中'}
2024-08-05 17:23:35,109	[INFO]	(client.py:162)_bot_login	[botpy] 登录机器人账号中...
2024-08-05 17:23:35,272	[INFO]	(robot.py:65)update_access_token	[botpy] access_token expires_in 3547
2024-08-05 17:23:35,705	[INFO]	(client.py:181)_bot_init	[botpy] 程序启动...
2024-08-05 17:23:35,705	[INFO]	(connection.py:60)multi_run	[botpy] 最大并发连接数: 1, 启动会话数: 1
2024-08-05 17:23:35,705	[INFO]	(client.py:242)bot_connect	[botpy] 会话启动中...
2024-08-05 17:23:35,705	[INFO]	(gateway.py:115)ws_connect	[botpy] 启动中...
2024-08-05 17:23:35,880	[INFO]	(gateway.py:142)ws_identify	[botpy] 鉴权中...
2024-08-05 17:23:36,029	[INFO]	(gateway.py:85)on_message	[botpy] 机器人「彩星kami-测试中」启动成功！
2024-08-05 17:23:36,029	[INFO]	(gateway.py:223)_send_heart	[botpy] 心跳维持启动...
2024-08-05 17:23:36,030	[INFO]	(main.py:18)on_ready	robot 「彩星kami-测试中」 启动成功!
2024-08-05 17:23:45,040	[INFO]	(main.py:26)on_group_at_message_create	{'彩星kami-测试中'}
2024-08-05 17:23:45,041	[INFO]	(main.py:27)on_group_at_message_create	{{'author': "{'member_openid': 'E45B0D856EF1DE9DC1DBBF50B1F3428F'}", 'group_openid': '67C4F014261439CAC2C7AF2848521C0C', 'content': '  ', 'id': 'ROBOT1.0_iDfNC84bbJNb6nF8fU0r28s1tfTMUY5.KTkhvMpLQE.x9R.7Cl9jK6Fy3xkpzrWS6KAUnDzmO96V.5H04Qx6Og!!', 'message_reference': "{'message_id': None}", 'mentions': '[]', 'attachments': "[{'content_type': 'image/jpeg', 'filename': 'D4ED4F23D6800B088444CCA484B85BD5.jpg', 'height': 46, 'width': 36, 'id': None, 'size': 1215, 'url': 'https://multimedia.nt.qq.com.cn/download?appid=1407&fileid=CgoxMDgzMzQ0MTI5EhRIAUWl8CXXsqxyi70rTNmtGD4MXhi_CSD_Ciirk-bYw92HA1CAvaMB&rkey=CAISKKSBekjVG1fM8BuYqJPQuNspuc3w3dgJjaCb6pa27ZzzMvgrRZ5rO1Q&spec=0'}]", 'msg_seq': 'None', 'timestamp': '2024-08-05T17:23:33+08:00', 'event_id': 'GROUP_AT_MESSAGE_CREATE:idfnc84bbjnb6nf8fu0r22mkm0ot5q35gpytk1hffspuv957wseidnfe0ixfc6s'}}
2024-08-05 17:24:43,648	[INFO]	(client.py:162)_bot_login	[botpy] 登录机器人账号中...
2024-08-05 17:24:59,196	[INFO]	(robot.py:65)update_access_token	[botpy] access_token expires_in 3463
2024-08-05 17:25:08,184	[WARNING]	(http.py:192)request	请求超时，请求连接: https://api.sgroup.qq.com/gateway/bot
2024-08-05 17:27:14,560	[INFO]	(client.py:162)_bot_login	[botpy] 登录机器人账号中...
2024-08-05 17:27:17,771	[INFO]	(robot.py:65)update_access_token	[botpy] access_token expires_in 3325
2024-08-05 17:27:19,203	[INFO]	(client.py:181)_bot_init	[botpy] 程序启动...
2024-08-05 17:27:19,204	[INFO]	(connection.py:60)multi_run	[botpy] 最大并发连接数: 1, 启动会话数: 1
2024-08-05 17:27:19,204	[INFO]	(client.py:242)bot_connect	[botpy] 会话启动中...
2024-08-05 17:27:19,204	[INFO]	(gateway.py:115)ws_connect	[botpy] 启动中...
2024-08-05 17:27:19,323	[INFO]	(gateway.py:142)ws_identify	[botpy] 鉴权中...
2024-08-05 17:27:19,404	[INFO]	(gateway.py:85)on_message	[botpy] 机器人「彩星kami-测试中」启动成功！
2024-08-05 17:27:19,404	[INFO]	(gateway.py:223)_send_heart	[botpy] 心跳维持启动...
2024-08-05 17:27:19,405	[INFO]	(main.py:18)on_ready	robot 「彩星kami-测试中」 启动成功!
2024-08-05 17:27:28,967	[INFO]	(main.py:26)on_group_at_message_create	{'彩星kami-测试中'}
2024-08-05 17:27:28,968	[INFO]	(main.py:27)on_group_at_message_create	{{'author': "{'member_openid': 'E45B0D856EF1DE9DC1DBBF50B1F3428F'}", 'group_openid': '67C4F014261439CAC2C7AF2848521C0C', 'content': ' ', 'id': 'ROBOT1.0_iDfNC84bbJNb6nF8fU0r21W2-gqhC9TXRt.P2p9ghLQXyLkSFKRs0D.qJW4wp2OXp7z-66ZDFZXF9OEAVX32oA!!', 'message_reference': "{'message_id': None}", 'mentions': '[]', 'attachments': "[{'content_type': 'image/jpeg', 'filename': 'D4ED4F23D6800B088444CCA484B85BD5.jpg', 'height': 46, 'width': 36, 'id': None, 'size': 1215, 'url': 'https://multimedia.nt.qq.com.cn/download?appid=1407&fileid=CgoxMDgzMzQ0MTI5EhRIAUWl8CXXsqxyi70rTNmtGD4MXhi_CSD_CijMv_LDxN2HA1CAvaMB&rkey=CAESKBkcro_MGujoUESHhRHTivP92SfKYtEqMzmXeH0shzQeWNyKy6xYig0&spec=0'}]", 'msg_seq': 'None', 'timestamp': '2024-08-05T17:27:17+08:00', 'event_id': 'GROUP_AT_MESSAGE_CREATE:idfnc84bbjnb6nf8fu0r27ntosglpbsstpjodhuwesuv957wseidnfe0ixfc6s'}}
2024-08-05 17:27:30,598	[ERROR]	(http.py:76)_handle_response	[botpy] 接口请求异常，请求连接: https://api.sgroup.qq.com/v2/groups/67C4F014261439CAC2C7AF2848521C0C/messages, 错误代码: 400, 返回内容: {'message': '消息发送失败, 不允许发送url multimedia.nt.qq.com.cn', 'code': 40054010, 'err_code': 40054010, 'trace_id': 'e03f246bb1f49de9eb26a46a44be5d35'}, trace_id:e03f246bb1f49de9eb26a46a44be5d35
2024-08-05 17:28:36,483	[INFO]	(client.py:162)_bot_login	[botpy] 登录机器人账号中...
2024-08-05 17:28:36,654	[INFO]	(robot.py:65)update_access_token	[botpy] access_token expires_in 3246
2024-08-05 17:28:37,184	[INFO]	(client.py:181)_bot_init	[botpy] 程序启动...
2024-08-05 17:28:37,184	[INFO]	(connection.py:60)multi_run	[botpy] 最大并发连接数: 1, 启动会话数: 1
2024-08-05 17:28:37,184	[INFO]	(client.py:242)bot_connect	[botpy] 会话启动中...
2024-08-05 17:28:37,184	[INFO]	(gateway.py:115)ws_connect	[botpy] 启动中...
2024-08-05 17:28:37,319	[INFO]	(gateway.py:142)ws_identify	[botpy] 鉴权中...
2024-08-05 17:28:37,403	[INFO]	(gateway.py:85)on_message	[botpy] 机器人「彩星kami-测试中」启动成功！
2024-08-05 17:28:37,403	[INFO]	(gateway.py:223)_send_heart	[botpy] 心跳维持启动...
2024-08-05 17:28:37,403	[INFO]	(main.py:18)on_ready	robot 「彩星kami-测试中」 启动成功!
2024-08-05 17:28:43,945	[INFO]	(main.py:26)on_group_at_message_create	{'彩星kami-测试中'}
2024-08-05 17:28:43,945	[INFO]	(main.py:27)on_group_at_message_create	{{'author': "{'member_openid': 'E45B0D856EF1DE9DC1DBBF50B1F3428F'}", 'group_openid': '67C4F014261439CAC2C7AF2848521C0C', 'content': ' ', 'id': 'ROBOT1.0_iDfNC84bbJNb6nF8fU0r23OxxrEaS7IfyGDW4USbEK1QYerjkkRPn9Qz-tPHEpMsNH5VfLD-5aYp9DEaKXgxQQ!!', 'message_reference': "{'message_id': None}", 'mentions': '[]', 'attachments': "[{'content_type': 'image/jpeg', 'filename': 'D4ED4F23D6800B088444CCA484B85BD5.jpg', 'height': 46, 'width': 36, 'id': None, 'size': 1215, 'url': 'https://multimedia.nt.qq.com.cn/download?appid=1407&fileid=CgoxMDgzMzQ0MTI5EhRIAUWl8CXXsqxyi70rTNmtGD4MXhi_CSD_CijG0NbnxN2HA1CAvaMB&rkey=CAISKKSBekjVG1fM7QBHwi5C2pSIFZUHezLX-TOSdAwDgZ2jdkyb9XJu-_Y&spec=0'}]", 'msg_seq': 'None', 'timestamp': '2024-08-05T17:28:32+08:00', 'event_id': 'GROUP_AT_MESSAGE_CREATE:idfnc84bbjnb6nf8fu0r23rohwzmccykb5ucjovljgvuv957wseidnfe0ixfc6s'}}
2024-08-05 17:28:57,275	[INFO]	(client.py:162)_bot_login	[botpy] 登录机器人账号中...
2024-08-05 17:28:57,694	[INFO]	(robot.py:65)update_access_token	[botpy] access_token expires_in 3225
2024-08-05 17:28:59,072	[INFO]	(client.py:181)_bot_init	[botpy] 程序启动...
2024-08-05 17:28:59,073	[INFO]	(connection.py:60)multi_run	[botpy] 最大并发连接数: 1, 启动会话数: 1
2024-08-05 17:28:59,073	[INFO]	(client.py:242)bot_connect	[botpy] 会话启动中...
2024-08-05 17:28:59,073	[INFO]	(gateway.py:115)ws_connect	[botpy] 启动中...
2024-08-05 17:28:59,205	[INFO]	(gateway.py:142)ws_identify	[botpy] 鉴权中...
2024-08-05 17:28:59,289	[INFO]	(gateway.py:85)on_message	[botpy] 机器人「彩星kami-测试中」启动成功！
2024-08-05 17:28:59,290	[INFO]	(gateway.py:223)_send_heart	[botpy] 心跳维持启动...
2024-08-05 17:28:59,290	[INFO]	(main.py:18)on_ready	robot 「彩星kami-测试中」 启动成功!
2024-08-05 17:29:04,320	[INFO]	(main.py:26)on_group_at_message_create	{'彩星kami-测试中'}
2024-08-05 17:29:04,320	[INFO]	(main.py:27)on_group_at_message_create	{{'author': "{'member_openid': 'E45B0D856EF1DE9DC1DBBF50B1F3428F'}", 'group_openid': '67C4F014261439CAC2C7AF2848521C0C', 'content': ' ', 'id': 'ROBOT1.0_iDfNC84bbJNb6nF8fU0r2zmA0gixcBzC-IUtnJLNCNc6NnJxsBMFTydnAFPU4rIA3.8BoZL0jaiXD5z0iwHIxQ!!', 'message_reference': "{'message_id': None}", 'mentions': '[]', 'attachments': "[{'content_type': 'image/jpeg', 'filename': 'D4ED4F23D6800B088444CCA484B85BD5.jpg', 'height': 46, 'width': 36, 'id': None, 'size': 1215, 'url': 'https://multimedia.nt.qq.com.cn/download?appid=1407&fileid=CgoxMDgzMzQ0MTI5EhRIAUWl8CXXsqxyi70rTNmtGD4MXhi_CSD_Cij4jp_xxN2HA1CAvaMB&rkey=CAISKKSBekjVG1fMPW6W93l3swensXX-8vtZ1Sz2qn2rj4gZ0cAYQAzrNdc&spec=0'}]", 'msg_seq': 'None', 'timestamp': '2024-08-05T17:28:52+08:00', 'event_id': 'GROUP_AT_MESSAGE_CREATE:idfnc84bbjnb6nf8fu0r281dilycwumyfwgv74qja17uv957wseidnfe0ixfc6s'}}
2024-08-05 17:29:10,187	[WARNING]	(http.py:192)request	请求超时，请求连接: https://api.sgroup.qq.com/v2/groups/67C4F014261439CAC2C7AF2848521C0C/messages
2024-08-05 17:29:41,550	[INFO]	(main.py:26)on_group_at_message_create	{'彩星kami-测试中'}
2024-08-05 17:29:41,551	[INFO]	(main.py:27)on_group_at_message_create	{{'author': "{'member_openid': 'E45B0D856EF1DE9DC1DBBF50B1F3428F'}", 'group_openid': '67C4F014261439CAC2C7AF2848521C0C', 'content': '  ', 'id': 'ROBOT1.0_iDfNC84bbJNb6nF8fU0r21kuvn2YZMWVzBBW2lInzPLAmHbrKlnkWvcS1NGawg7e10-8i1bwisD4-la3mnYiHA!!', 'message_reference': "{'message_id': None}", 'mentions': '[]', 'attachments': "[{'content_type': 'image/jpeg', 'filename': 'D4ED4F23D6800B088444CCA484B85BD5.jpg', 'height': 46, 'width': 36, 'id': None, 'size': 1215, 'url': 'https://multimedia.nt.qq.com.cn/download?appid=1407&fileid=CgoxMDgzMzQ0MTI5EhRIAUWl8CXXsqxyi70rTNmtGD4MXhi_CSD_CiiVk5mDxd2HA1CAvaMB&rkey=CAESKBkcro_MGujoa6_9YX4Voab9jfLAJGge-Ei5HBX8CpKQoCG6eN0FHYQ&spec=0'}]", 'msg_seq': 'None', 'timestamp': '2024-08-05T17:29:30+08:00', 'event_id': 'GROUP_AT_MESSAGE_CREATE:idfnc84bbjnb6nf8fu0r20wzpfp0fbeohk36lgducduv957wseidnfe0ixfc6s'}}
2024-08-05 17:29:47,194	[WARNING]	(http.py:192)request	请求超时，请求连接: https://api.sgroup.qq.com/v2/groups/67C4F014261439CAC2C7AF2848521C0C/messages
2024-08-06 13:33:14,798	[INFO]	(client.py:162)_bot_login	[botpy] 登录机器人账号中...
2024-08-06 13:33:15,148	[INFO]	(robot.py:65)update_access_token	[botpy] access_token expires_in 3283
2024-08-06 13:33:15,704	[INFO]	(client.py:181)_bot_init	[botpy] 程序启动...
2024-08-06 13:33:15,704	[INFO]	(connection.py:60)multi_run	[botpy] 最大并发连接数: 1, 启动会话数: 1
2024-08-06 13:33:15,704	[INFO]	(client.py:242)bot_connect	[botpy] 会话启动中...
2024-08-06 13:33:15,704	[INFO]	(gateway.py:115)ws_connect	[botpy] 启动中...
2024-08-06 13:33:15,826	[INFO]	(gateway.py:142)ws_identify	[botpy] 鉴权中...
2024-08-06 13:33:15,930	[INFO]	(gateway.py:85)on_message	[botpy] 机器人「彩星kami-测试中」启动成功！
2024-08-06 13:33:15,930	[INFO]	(gateway.py:223)_send_heart	[botpy] 心跳维持启动...
2024-08-06 13:33:15,931	[INFO]	(main.py:17)on_ready	robot 「彩星kami-测试中」 启动成功!
2024-08-06 13:37:27,057	[INFO]	(client.py:162)_bot_login	[botpy] 登录机器人账号中...
2024-08-06 13:37:27,246	[INFO]	(robot.py:65)update_access_token	[botpy] access_token expires_in 3031
2024-08-06 13:37:27,668	[INFO]	(client.py:181)_bot_init	[botpy] 程序启动...
2024-08-06 13:37:27,669	[INFO]	(connection.py:60)multi_run	[botpy] 最大并发连接数: 1, 启动会话数: 1
2024-08-06 13:37:27,669	[INFO]	(client.py:242)bot_connect	[botpy] 会话启动中...
2024-08-06 13:37:27,669	[INFO]	(gateway.py:115)ws_connect	[botpy] 启动中...
2024-08-06 13:37:27,783	[INFO]	(gateway.py:142)ws_identify	[botpy] 鉴权中...
2024-08-06 13:37:27,880	[INFO]	(gateway.py:85)on_message	[botpy] 机器人「彩星kami-测试中」启动成功！
2024-08-06 13:37:27,880	[INFO]	(gateway.py:223)_send_heart	[botpy] 心跳维持启动...
2024-08-06 13:37:27,880	[INFO]	(main.py:18)on_ready	robot 「彩星kami-测试中」 启动成功!
2024-08-06 13:37:39,468	[INFO]	(main.py:26)on_group_at_message_create	{'彩星kami-测试中'}
2024-08-06 13:37:39,468	[INFO]	(main.py:27)on_group_at_message_create	{{'author': "{'member_openid': 'E45B0D856EF1DE9DC1DBBF50B1F3428F'}", 'group_openid': '67C4F014261439CAC2C7AF2848521C0C', 'content': ' 查询当前排名', 'id': 'ROBOT1.0_iDfNC84bbJNb6nF8fU0r253Pi8q3iSCbgFKTxcu6vd-Ik8zMijriw8Yj.k0QQkai-8h6ISCSs65E6dQgH-rnjw!!', 'message_reference': "{'message_id': None}", 'mentions': '[]', 'attachments': '[]', 'msg_seq': 'None', 'timestamp': '2024-08-06T13:37:39+08:00', 'event_id': 'GROUP_AT_MESSAGE_CREATE:idfnc84bbjnb6nf8fu0r21urlawdcteqrnz36nvrnqzuv957wseidnfe0ixfc6s'}}
2024-08-06 13:38:20,851	[INFO]	(client.py:162)_bot_login	[botpy] 登录机器人账号中...
2024-08-06 13:38:21,009	[INFO]	(robot.py:65)update_access_token	[botpy] access_token expires_in 2978
2024-08-06 13:38:21,521	[INFO]	(client.py:181)_bot_init	[botpy] 程序启动...
2024-08-06 13:38:21,522	[INFO]	(connection.py:60)multi_run	[botpy] 最大并发连接数: 1, 启动会话数: 1
2024-08-06 13:38:21,522	[INFO]	(client.py:242)bot_connect	[botpy] 会话启动中...
2024-08-06 13:38:21,522	[INFO]	(gateway.py:115)ws_connect	[botpy] 启动中...
2024-08-06 13:38:21,646	[INFO]	(gateway.py:142)ws_identify	[botpy] 鉴权中...
2024-08-06 13:38:21,728	[INFO]	(gateway.py:85)on_message	[botpy] 机器人「彩星kami-测试中」启动成功！
2024-08-06 13:38:21,728	[INFO]	(gateway.py:223)_send_heart	[botpy] 心跳维持启动...
2024-08-06 13:38:21,729	[INFO]	(main.py:18)on_ready	robot 「彩星kami-测试中」 启动成功!
2024-08-06 13:38:27,771	[INFO]	(main.py:26)on_group_at_message_create	{'彩星kami-测试中'}
2024-08-06 13:38:27,771	[INFO]	(main.py:27)on_group_at_message_create	{{'author': "{'member_openid': 'E45B0D856EF1DE9DC1DBBF50B1F3428F'}", 'group_openid': '67C4F014261439CAC2C7AF2848521C0C', 'content': ' 查询当前排名', 'id': 'ROBOT1.0_iDfNC84bbJNb6nF8fU0r21BpjasP389nmVN6Y9Z6QveP-ccnZjNjxyovt4KVFW-yXjnI4g03w4BXEGIEerTnyw!!', 'message_reference': "{'message_id': None}", 'mentions': '[]', 'attachments': '[]', 'msg_seq': 'None', 'timestamp': '2024-08-06T13:38:27+08:00', 'event_id': 'GROUP_AT_MESSAGE_CREATE:idfnc84bbjnb6nf8fu0r2rdaie2fktvuc8872ravcb3ifop7ft9skolij8yha'}}
2024-08-06 13:40:12,327	[INFO]	(client.py:162)_bot_login	[botpy] 登录机器人账号中...
2024-08-06 13:40:12,473	[INFO]	(robot.py:65)update_access_token	[botpy] access_token expires_in 2866
2024-08-06 13:40:12,918	[INFO]	(client.py:181)_bot_init	[botpy] 程序启动...
2024-08-06 13:40:12,918	[INFO]	(connection.py:60)multi_run	[botpy] 最大并发连接数: 1, 启动会话数: 1
2024-08-06 13:40:12,918	[INFO]	(client.py:242)bot_connect	[botpy] 会话启动中...
2024-08-06 13:40:12,918	[INFO]	(gateway.py:115)ws_connect	[botpy] 启动中...
2024-08-06 13:40:13,037	[INFO]	(gateway.py:142)ws_identify	[botpy] 鉴权中...
2024-08-06 13:40:13,171	[INFO]	(gateway.py:85)on_message	[botpy] 机器人「彩星kami-测试中」启动成功！
2024-08-06 13:40:13,171	[INFO]	(gateway.py:223)_send_heart	[botpy] 心跳维持启动...
2024-08-06 13:40:13,172	[INFO]	(main.py:18)on_ready	robot 「彩星kami-测试中」 启动成功!
2024-08-06 13:40:32,852	[INFO]	(main.py:26)on_group_at_message_create	{'彩星kami-测试中'}
2024-08-06 13:40:32,852	[INFO]	(main.py:27)on_group_at_message_create	{{'author': "{'member_openid': 'E45B0D856EF1DE9DC1DBBF50B1F3428F'}", 'group_openid': '67C4F014261439CAC2C7AF2848521C0C', 'content': ' /1', 'id': 'ROBOT1.0_iDfNC84bbJNb6nF8fU0r27ktR8ZTHszojmndwPsyEjooWWbX2FK7sB4fbLIUUl88a.W8ollY8jCzaBkHR8U4KMtG81ovPjw88HwjHppK6Gc!', 'message_reference': "{'message_id': None}", 'mentions': '[]', 'attachments': '[]', 'msg_seq': 'None', 'timestamp': '2024-08-06T13:40:32+08:00', 'event_id': 'GROUP_AT_MESSAGE_CREATE:idfnc84bbjnb6nf8fu0r2ychjk3mmskj3nm63crilxqkgxwpynhysl6q6ws849'}}
2024-08-06 13:41:47,786	[INFO]	(main.py:26)on_group_at_message_create	{'彩星kami-测试中'}
2024-08-06 13:41:47,787	[INFO]	(main.py:27)on_group_at_message_create	{{'author': "{'member_openid': 'E45B0D856EF1DE9DC1DBBF50B1F3428F'}", 'group_openid': '67C4F014261439CAC2C7AF2848521C0C', 'content': '  查询当前排名', 'id': 'ROBOT1.0_iDfNC84bbJNb6nF8fU0r25R692btIlvUqnv60QcBn.maRLgKPgPAhnZjMN8aYSrehVkd9HcQ0VTgK6aXlhhC2MtG81ovPjw88HwjHppK6Gc!', 'message_reference': "{'message_id': None}", 'mentions': '[]', 'attachments': '[]', 'msg_seq': 'None', 'timestamp': '2024-08-06T13:41:47+08:00', 'event_id': 'GROUP_AT_MESSAGE_CREATE:idfnc84bbjnb6nf8fu0r298ijfldpotjmpuwnhlerbpxqkgxwpynhysl6q6ws849'}}
2024-08-06 13:41:51,420	[INFO]	(client.py:162)_bot_login	[botpy] 登录机器人账号中...
2024-08-06 13:41:51,585	[INFO]	(robot.py:65)update_access_token	[botpy] access_token expires_in 2767
2024-08-06 13:41:52,275	[INFO]	(client.py:181)_bot_init	[botpy] 程序启动...
2024-08-06 13:41:52,275	[INFO]	(connection.py:60)multi_run	[botpy] 最大并发连接数: 1, 启动会话数: 1
2024-08-06 13:41:52,276	[INFO]	(client.py:242)bot_connect	[botpy] 会话启动中...
2024-08-06 13:41:52,276	[INFO]	(gateway.py:115)ws_connect	[botpy] 启动中...
2024-08-06 13:41:52,397	[INFO]	(gateway.py:142)ws_identify	[botpy] 鉴权中...
2024-08-06 13:41:52,483	[INFO]	(gateway.py:85)on_message	[botpy] 机器人「彩星kami-测试中」启动成功！
2024-08-06 13:41:52,484	[INFO]	(gateway.py:223)_send_heart	[botpy] 心跳维持启动...
2024-08-06 13:41:52,484	[INFO]	(main.py:18)on_ready	robot 「彩星kami-测试中」 启动成功!
2024-08-06 13:42:04,077	[INFO]	(main.py:26)on_group_at_message_create	{'彩星kami-测试中'}
2024-08-06 13:42:04,077	[INFO]	(main.py:27)on_group_at_message_create	{{'author': "{'member_openid': 'E45B0D856EF1DE9DC1DBBF50B1F3428F'}", 'group_openid': '67C4F014261439CAC2C7AF2848521C0C', 'content': ' 查询当前排名', 'id': 'ROBOT1.0_iDfNC84bbJNb6nF8fU0r21qWEzcT4pt2g.ReETmGdSXB8DS46UrrtgUvpd96bcJzEYW7UbmrMdBpEbNivbaRwMtG81ovPjw88HwjHppK6Gc!', 'message_reference': "{'message_id': None}", 'mentions': '[]', 'attachments': '[]', 'msg_seq': 'None', 'timestamp': '2024-08-06T13:42:03+08:00', 'event_id': 'GROUP_AT_MESSAGE_CREATE:idfnc84bbjnb6nf8fu0r26ho9n9odyqjiwinryehbybxqkgxwpynhysl6q6ws849'}}
2024-08-06 13:42:45,764	[INFO]	(client.py:162)_bot_login	[botpy] 登录机器人账号中...
2024-08-06 13:42:45,943	[INFO]	(robot.py:65)update_access_token	[botpy] access_token expires_in 2713
2024-08-06 13:42:46,353	[INFO]	(client.py:181)_bot_init	[botpy] 程序启动...
2024-08-06 13:42:46,353	[INFO]	(connection.py:60)multi_run	[botpy] 最大并发连接数: 1, 启动会话数: 1
2024-08-06 13:42:46,354	[INFO]	(client.py:242)bot_connect	[botpy] 会话启动中...
2024-08-06 13:42:46,354	[INFO]	(gateway.py:115)ws_connect	[botpy] 启动中...
2024-08-06 13:42:46,465	[INFO]	(gateway.py:142)ws_identify	[botpy] 鉴权中...
2024-08-06 13:42:46,558	[INFO]	(gateway.py:85)on_message	[botpy] 机器人「彩星kami-测试中」启动成功！
2024-08-06 13:42:46,559	[INFO]	(gateway.py:223)_send_heart	[botpy] 心跳维持启动...
2024-08-06 13:42:46,559	[INFO]	(main.py:18)on_ready	robot 「彩星kami-测试中」 启动成功!
2024-08-06 13:42:51,081	[INFO]	(main.py:26)on_group_at_message_create	{'彩星kami-测试中'}
2024-08-06 13:42:51,081	[INFO]	(main.py:27)on_group_at_message_create	{{'author': "{'member_openid': 'E45B0D856EF1DE9DC1DBBF50B1F3428F'}", 'group_openid': '67C4F014261439CAC2C7AF2848521C0C', 'content': ' 1', 'id': 'ROBOT1.0_iDfNC84bbJNb6nF8fU0r2w8JbTpMH0ciOg992WcS60agbCW5YNy2B9bxbaSjhJ-UGj8u.RPmTWCv6-k1seo2MstG81ovPjw88HwjHppK6Gc!', 'message_reference': "{'message_id': None}", 'mentions': '[]', 'attachments': '[]', 'msg_seq': 'None', 'timestamp': '2024-08-06T13:42:50+08:00', 'event_id': 'GROUP_AT_MESSAGE_CREATE:idfnc84bbjnb6nf8fu0r24fu6hdqmvbzencushiohxqkgxwpynhysl6q6ws849'}}
2024-08-06 13:43:11,686	[INFO]	(main.py:26)on_group_at_message_create	{'彩星kami-测试中'}
2024-08-06 13:43:11,687	[INFO]	(main.py:27)on_group_at_message_create	{{'author': "{'member_openid': 'E45B0D856EF1DE9DC1DBBF50B1F3428F'}", 'group_openid': '67C4F014261439CAC2C7AF2848521C0C', 'content': ' 查询当前排名', 'id': 'ROBOT1.0_iDfNC84bbJNb6nF8fU0r2y7nSaObJllNjt4Q7XlHJgk2pCcxrM0IyBN4wYVase0qYS8KGBqpE6bIpJ5-pKmrUctG81ovPjw88HwjHppK6Gc!', 'message_reference': "{'message_id': None}", 'mentions': '[]', 'attachments': '[]', 'msg_seq': 'None', 'timestamp': '2024-08-06T13:43:11+08:00', 'event_id': 'GROUP_AT_MESSAGE_CREATE:idfnc84bbjnb6nf8fu0r29hz9lzfhtealnocddr0ijxqkgxwpynhysl6q6ws849'}}
2024-08-06 13:43:52,544	[INFO]	(client.py:162)_bot_login	[botpy] 登录机器人账号中...
2024-08-06 13:43:52,702	[INFO]	(robot.py:65)update_access_token	[botpy] access_token expires_in 2646
2024-08-06 13:43:53,074	[INFO]	(client.py:181)_bot_init	[botpy] 程序启动...
2024-08-06 13:43:53,074	[INFO]	(connection.py:60)multi_run	[botpy] 最大并发连接数: 1, 启动会话数: 1
2024-08-06 13:43:53,074	[INFO]	(client.py:242)bot_connect	[botpy] 会话启动中...
2024-08-06 13:43:53,074	[INFO]	(gateway.py:115)ws_connect	[botpy] 启动中...
2024-08-06 13:43:53,189	[INFO]	(gateway.py:142)ws_identify	[botpy] 鉴权中...
2024-08-06 13:43:53,262	[INFO]	(gateway.py:85)on_message	[botpy] 机器人「彩星kami-测试中」启动成功！
2024-08-06 13:43:53,263	[INFO]	(gateway.py:223)_send_heart	[botpy] 心跳维持启动...
2024-08-06 13:43:53,264	[INFO]	(main.py:18)on_ready	robot 「彩星kami-测试中」 启动成功!
2024-08-06 13:43:59,800	[INFO]	(main.py:26)on_group_at_message_create	{'彩星kami-测试中'}
2024-08-06 13:43:59,800	[INFO]	(main.py:27)on_group_at_message_create	{'1'}
2024-08-06 13:44:11,676	[INFO]	(client.py:162)_bot_login	[botpy] 登录机器人账号中...
2024-08-06 13:44:11,826	[INFO]	(robot.py:65)update_access_token	[botpy] access_token expires_in 2627
2024-08-06 13:44:12,190	[INFO]	(client.py:181)_bot_init	[botpy] 程序启动...
2024-08-06 13:44:12,190	[INFO]	(connection.py:60)multi_run	[botpy] 最大并发连接数: 1, 启动会话数: 1
2024-08-06 13:44:12,190	[INFO]	(client.py:242)bot_connect	[botpy] 会话启动中...
2024-08-06 13:44:12,190	[INFO]	(gateway.py:115)ws_connect	[botpy] 启动中...
2024-08-06 13:44:12,293	[INFO]	(gateway.py:142)ws_identify	[botpy] 鉴权中...
2024-08-06 13:44:12,360	[INFO]	(gateway.py:85)on_message	[botpy] 机器人「彩星kami-测试中」启动成功！
2024-08-06 13:44:12,360	[INFO]	(gateway.py:223)_send_heart	[botpy] 心跳维持启动...
2024-08-06 13:44:12,360	[INFO]	(main.py:18)on_ready	robot 「彩星kami-测试中」 启动成功!
2024-08-06 13:44:20,927	[INFO]	(main.py:26)on_group_at_message_create	{'彩星kami-测试中'}
2024-08-06 13:44:20,927	[INFO]	(main.py:27)on_group_at_message_create	{'查询当前排名'}
2024-08-06 13:44:53,840	[INFO]	(client.py:162)_bot_login	[botpy] 登录机器人账号中...
2024-08-06 13:44:53,992	[INFO]	(robot.py:65)update_access_token	[botpy] access_token expires_in 2585
2024-08-06 13:44:54,353	[INFO]	(client.py:181)_bot_init	[botpy] 程序启动...
2024-08-06 13:44:54,353	[INFO]	(connection.py:60)multi_run	[botpy] 最大并发连接数: 1, 启动会话数: 1
2024-08-06 13:44:54,353	[INFO]	(client.py:242)bot_connect	[botpy] 会话启动中...
2024-08-06 13:44:54,354	[INFO]	(gateway.py:115)ws_connect	[botpy] 启动中...
2024-08-06 13:44:54,489	[INFO]	(gateway.py:142)ws_identify	[botpy] 鉴权中...
2024-08-06 13:44:54,596	[INFO]	(gateway.py:85)on_message	[botpy] 机器人「彩星kami-测试中」启动成功！
2024-08-06 13:44:54,596	[INFO]	(gateway.py:223)_send_heart	[botpy] 心跳维持启动...
2024-08-06 13:44:54,596	[INFO]	(main.py:18)on_ready	robot 「彩星kami-测试中」 启动成功!
2024-08-06 13:44:59,125	[INFO]	(main.py:26)on_group_at_message_create	{'彩星kami-测试中'}
2024-08-06 13:44:59,126	[INFO]	(main.py:27)on_group_at_message_create	{'查询当前排名'}
2024-08-06 13:45:53,417	[INFO]	(client.py:162)_bot_login	[botpy] 登录机器人账号中...
2024-08-06 13:45:53,568	[INFO]	(robot.py:65)update_access_token	[botpy] access_token expires_in 2525
2024-08-06 13:45:53,972	[INFO]	(client.py:181)_bot_init	[botpy] 程序启动...
2024-08-06 13:45:53,973	[INFO]	(connection.py:60)multi_run	[botpy] 最大并发连接数: 1, 启动会话数: 1
2024-08-06 13:45:53,973	[INFO]	(client.py:242)bot_connect	[botpy] 会话启动中...
2024-08-06 13:45:53,973	[INFO]	(gateway.py:115)ws_connect	[botpy] 启动中...
2024-08-06 13:45:54,113	[INFO]	(gateway.py:142)ws_identify	[botpy] 鉴权中...
2024-08-06 13:45:54,214	[INFO]	(gateway.py:85)on_message	[botpy] 机器人「彩星kami-测试中」启动成功！
2024-08-06 13:45:54,214	[INFO]	(gateway.py:223)_send_heart	[botpy] 心跳维持启动...
2024-08-06 13:45:54,214	[INFO]	(main.py:18)on_ready	robot 「彩星kami-测试中」 启动成功!
2024-08-06 13:45:58,753	[INFO]	(main.py:26)on_group_at_message_create	{'彩星kami-测试中'}
2024-08-06 13:45:58,754	[INFO]	(main.py:27)on_group_at_message_create	{'查询当前排名'}
2024-08-06 13:46:53,088	[INFO]	(client.py:162)_bot_login	[botpy] 登录机器人账号中...
2024-08-06 13:46:53,255	[INFO]	(robot.py:65)update_access_token	[botpy] access_token expires_in 2465
2024-08-06 13:46:53,654	[INFO]	(client.py:181)_bot_init	[botpy] 程序启动...
2024-08-06 13:46:53,655	[INFO]	(connection.py:60)multi_run	[botpy] 最大并发连接数: 1, 启动会话数: 1
2024-08-06 13:46:53,655	[INFO]	(client.py:242)bot_connect	[botpy] 会话启动中...
2024-08-06 13:46:53,656	[INFO]	(gateway.py:115)ws_connect	[botpy] 启动中...
2024-08-06 13:46:53,789	[INFO]	(gateway.py:142)ws_identify	[botpy] 鉴权中...
2024-08-06 13:46:53,867	[INFO]	(gateway.py:85)on_message	[botpy] 机器人「彩星kami-测试中」启动成功！
2024-08-06 13:46:53,867	[INFO]	(gateway.py:223)_send_heart	[botpy] 心跳维持启动...
2024-08-06 13:46:53,867	[INFO]	(main.py:18)on_ready	robot 「彩星kami-测试中」 启动成功!
2024-08-06 13:46:59,403	[INFO]	(main.py:26)on_group_at_message_create	{'彩星kami-测试中'}
2024-08-06 13:46:59,403	[INFO]	(main.py:27)on_group_at_message_create	{'查询当前排名'}
2024-08-06 13:47:09,964	[INFO]	(client.py:162)_bot_login	[botpy] 登录机器人账号中...
2024-08-06 13:47:10,125	[INFO]	(robot.py:65)update_access_token	[botpy] access_token expires_in 2448
2024-08-06 13:47:10,482	[INFO]	(client.py:181)_bot_init	[botpy] 程序启动...
2024-08-06 13:47:10,483	[INFO]	(connection.py:60)multi_run	[botpy] 最大并发连接数: 1, 启动会话数: 1
2024-08-06 13:47:10,483	[INFO]	(client.py:242)bot_connect	[botpy] 会话启动中...
2024-08-06 13:47:10,483	[INFO]	(gateway.py:115)ws_connect	[botpy] 启动中...
2024-08-06 13:47:10,596	[INFO]	(gateway.py:142)ws_identify	[botpy] 鉴权中...
2024-08-06 13:47:10,674	[INFO]	(gateway.py:85)on_message	[botpy] 机器人「彩星kami-测试中」启动成功！
2024-08-06 13:47:10,674	[INFO]	(gateway.py:223)_send_heart	[botpy] 心跳维持启动...
2024-08-06 13:47:10,675	[INFO]	(main.py:18)on_ready	robot 「彩星kami-测试中」 启动成功!
2024-08-06 13:47:15,707	[INFO]	(main.py:26)on_group_at_message_create	{'彩星kami-测试中'}
2024-08-06 13:47:15,707	[INFO]	(main.py:27)on_group_at_message_create	{'查询当前排名'}
2024-08-06 13:47:16,028	[INFO]	(main.py:30)on_group_at_message_create	[{'clan_name': '咖啡馆', 'leader_name': '未来', 'damage': 32945598130, 'rank': 1137, 'delta_damage': 0}]
2024-08-06 13:55:18,335	[INFO]	(client.py:162)_bot_login	[botpy] 登录机器人账号中...
2024-08-06 13:55:18,475	[INFO]	(robot.py:65)update_access_token	[botpy] access_token expires_in 1960
2024-08-06 13:55:19,024	[INFO]	(client.py:181)_bot_init	[botpy] 程序启动...
2024-08-06 13:55:19,024	[INFO]	(connection.py:60)multi_run	[botpy] 最大并发连接数: 1, 启动会话数: 1
2024-08-06 13:55:19,024	[INFO]	(client.py:242)bot_connect	[botpy] 会话启动中...
2024-08-06 13:55:19,025	[INFO]	(gateway.py:115)ws_connect	[botpy] 启动中...
2024-08-06 13:55:19,157	[INFO]	(gateway.py:142)ws_identify	[botpy] 鉴权中...
2024-08-06 13:55:19,260	[INFO]	(gateway.py:85)on_message	[botpy] 机器人「彩星kami-测试中」启动成功！
2024-08-06 13:55:19,260	[INFO]	(gateway.py:223)_send_heart	[botpy] 心跳维持启动...
2024-08-06 13:55:19,261	[INFO]	(main.py:19)on_ready	robot 「彩星kami-测试中」 启动成功!
2024-08-06 13:55:28,828	[INFO]	(main.py:27)on_group_at_message_create	{'彩星kami-测试中'}
2024-08-06 13:55:28,828	[INFO]	(main.py:28)on_group_at_message_create	{'查询当前排名'}
2024-08-06 13:55:29,133	[INFO]	(main.py:31)on_group_at_message_create	[{'clan_name': '咖啡馆', 'leader_name': '未来', 'damage': 32945598130, 'rank': 1137, 'delta_damage': 0}]
2024-08-06 13:58:06,818	[INFO]	(client.py:162)_bot_login	[botpy] 登录机器人账号中...
2024-08-06 13:58:06,975	[INFO]	(robot.py:65)update_access_token	[botpy] access_token expires_in 1792
2024-08-06 13:58:07,401	[INFO]	(client.py:181)_bot_init	[botpy] 程序启动...
2024-08-06 13:58:07,402	[INFO]	(connection.py:60)multi_run	[botpy] 最大并发连接数: 1, 启动会话数: 1
2024-08-06 13:58:07,402	[INFO]	(client.py:242)bot_connect	[botpy] 会话启动中...
2024-08-06 13:58:07,402	[INFO]	(gateway.py:115)ws_connect	[botpy] 启动中...
2024-08-06 13:58:07,527	[INFO]	(gateway.py:142)ws_identify	[botpy] 鉴权中...
2024-08-06 13:58:07,633	[INFO]	(gateway.py:85)on_message	[botpy] 机器人「彩星kami-测试中」启动成功！
2024-08-06 13:58:07,634	[INFO]	(gateway.py:223)_send_heart	[botpy] 心跳维持启动...
2024-08-06 13:58:07,634	[INFO]	(main.py:19)on_ready	robot 「彩星kami-测试中」 启动成功!
2024-08-06 13:58:15,187	[INFO]	(main.py:27)on_group_at_message_create	{'彩星kami-测试中'}
2024-08-06 13:58:15,187	[INFO]	(main.py:28)on_group_at_message_create	{'查询当前排名'}
2024-08-06 13:58:15,494	[INFO]	(main.py:31)on_group_at_message_create	[{'clan_name': '咖啡馆', 'leader_name': '未来', 'damage': 32945598130, 'rank': 1137, 'delta_damage': 0}]
2024-08-06 13:58:31,303	[INFO]	(client.py:162)_bot_login	[botpy] 登录机器人账号中...
2024-08-06 13:58:31,452	[INFO]	(robot.py:65)update_access_token	[botpy] access_token expires_in 1767
2024-08-06 13:58:31,846	[INFO]	(client.py:181)_bot_init	[botpy] 程序启动...
2024-08-06 13:58:31,847	[INFO]	(connection.py:60)multi_run	[botpy] 最大并发连接数: 1, 启动会话数: 1
2024-08-06 13:58:31,847	[INFO]	(client.py:242)bot_connect	[botpy] 会话启动中...
2024-08-06 13:58:31,848	[INFO]	(gateway.py:115)ws_connect	[botpy] 启动中...
2024-08-06 13:58:31,994	[INFO]	(gateway.py:142)ws_identify	[botpy] 鉴权中...
2024-08-06 13:58:32,095	[INFO]	(gateway.py:85)on_message	[botpy] 机器人「彩星kami-测试中」启动成功！
2024-08-06 13:58:32,095	[INFO]	(gateway.py:223)_send_heart	[botpy] 心跳维持启动...
2024-08-06 13:58:32,096	[INFO]	(main.py:19)on_ready	robot 「彩星kami-测试中」 启动成功!
2024-08-06 13:58:38,636	[INFO]	(main.py:27)on_group_at_message_create	{'彩星kami-测试中'}
2024-08-06 13:58:38,636	[INFO]	(main.py:28)on_group_at_message_create	{'查询当前排名'}
2024-08-06 13:58:38,936	[INFO]	(main.py:31)on_group_at_message_create	[{'clan_name': '咖啡馆', 'leader_name': '未来', 'damage': 32945598130, 'rank': 1137, 'delta_damage': 0}]
2024-08-06 14:00:08,647	[INFO]	(main.py:27)on_group_at_message_create	{'彩星kami-测试中'}
2024-08-06 14:00:08,647	[INFO]	(main.py:28)on_group_at_message_create	{'查询当前排名'}
2024-08-06 14:00:08,935	[INFO]	(main.py:31)on_group_at_message_create	[{'clan_name': '咖啡馆', 'leader_name': '未来', 'damage': 32945598130, 'rank': 1137, 'delta_damage': 0}]
2024-08-06 14:00:13,279	[INFO]	(client.py:162)_bot_login	[botpy] 登录机器人账号中...
2024-08-06 14:00:13,444	[INFO]	(robot.py:65)update_access_token	[botpy] access_token expires_in 1665
2024-08-06 14:00:13,794	[INFO]	(client.py:181)_bot_init	[botpy] 程序启动...
2024-08-06 14:00:13,794	[INFO]	(connection.py:60)multi_run	[botpy] 最大并发连接数: 1, 启动会话数: 1
2024-08-06 14:00:13,795	[INFO]	(client.py:242)bot_connect	[botpy] 会话启动中...
2024-08-06 14:00:13,795	[INFO]	(gateway.py:115)ws_connect	[botpy] 启动中...
2024-08-06 14:00:13,924	[INFO]	(gateway.py:142)ws_identify	[botpy] 鉴权中...
2024-08-06 14:00:14,001	[INFO]	(gateway.py:85)on_message	[botpy] 机器人「彩星kami-测试中」启动成功！
2024-08-06 14:00:14,001	[INFO]	(gateway.py:223)_send_heart	[botpy] 心跳维持启动...
2024-08-06 14:00:14,001	[INFO]	(main.py:19)on_ready	robot 「彩星kami-测试中」 启动成功!
2024-08-06 14:00:21,050	[INFO]	(main.py:27)on_group_at_message_create	{'彩星kami-测试中'}
2024-08-06 14:00:21,050	[INFO]	(main.py:28)on_group_at_message_create	{'查询当前排名'}
2024-08-06 14:00:21,299	[INFO]	(main.py:31)on_group_at_message_create	[{'clan_name': '咖啡馆', 'leader_name': '未来', 'damage': 32945598130, 'rank': 1137, 'delta_damage': 0}]
2024-08-06 14:00:40,597	[INFO]	(client.py:162)_bot_login	[botpy] 登录机器人账号中...
2024-08-06 14:00:40,749	[INFO]	(robot.py:65)update_access_token	[botpy] access_token expires_in 1638
2024-08-06 14:00:41,102	[INFO]	(client.py:181)_bot_init	[botpy] 程序启动...
2024-08-06 14:00:41,102	[INFO]	(connection.py:60)multi_run	[botpy] 最大并发连接数: 1, 启动会话数: 1
2024-08-06 14:00:41,102	[INFO]	(client.py:242)bot_connect	[botpy] 会话启动中...
2024-08-06 14:00:41,102	[INFO]	(gateway.py:115)ws_connect	[botpy] 启动中...
2024-08-06 14:00:41,221	[INFO]	(gateway.py:142)ws_identify	[botpy] 鉴权中...
2024-08-06 14:00:41,302	[INFO]	(gateway.py:85)on_message	[botpy] 机器人「彩星kami-测试中」启动成功！
2024-08-06 14:00:41,302	[INFO]	(gateway.py:223)_send_heart	[botpy] 心跳维持启动...
2024-08-06 14:00:41,302	[INFO]	(main.py:19)on_ready	robot 「彩星kami-测试中」 启动成功!
2024-08-06 14:00:47,347	[INFO]	(main.py:27)on_group_at_message_create	{'彩星kami-测试中'}
2024-08-06 14:00:47,347	[INFO]	(main.py:28)on_group_at_message_create	{'查询当前排名'}
2024-08-06 14:00:47,654	[INFO]	(main.py:31)on_group_at_message_create	[{'clan_name': '咖啡馆', 'leader_name': '未来', 'damage': 32945598130, 'rank': 1137, 'delta_damage': 0}]
2024-08-06 14:00:58,944	[INFO]	(client.py:162)_bot_login	[botpy] 登录机器人账号中...
2024-08-06 14:00:59,108	[INFO]	(robot.py:65)update_access_token	[botpy] access_token expires_in 1619
2024-08-06 14:00:59,509	[INFO]	(client.py:181)_bot_init	[botpy] 程序启动...
2024-08-06 14:00:59,510	[INFO]	(connection.py:60)multi_run	[botpy] 最大并发连接数: 1, 启动会话数: 1
2024-08-06 14:00:59,510	[INFO]	(client.py:242)bot_connect	[botpy] 会话启动中...
2024-08-06 14:00:59,510	[INFO]	(gateway.py:115)ws_connect	[botpy] 启动中...
2024-08-06 14:00:59,625	[INFO]	(gateway.py:142)ws_identify	[botpy] 鉴权中...
2024-08-06 14:00:59,701	[INFO]	(gateway.py:85)on_message	[botpy] 机器人「彩星kami-测试中」启动成功！
2024-08-06 14:00:59,701	[INFO]	(gateway.py:223)_send_heart	[botpy] 心跳维持启动...
2024-08-06 14:00:59,701	[INFO]	(main.py:19)on_ready	robot 「彩星kami-测试中」 启动成功!
2024-08-06 14:01:07,244	[INFO]	(main.py:27)on_group_at_message_create	{'彩星kami-测试中'}
2024-08-06 14:01:07,245	[INFO]	(main.py:28)on_group_at_message_create	{'查询当前排名'}
2024-08-06 14:01:07,589	[INFO]	(main.py:31)on_group_at_message_create	[{'clan_name': '咖啡馆', 'leader_name': '未来', 'damage': 32945598130, 'rank': 1137, 'delta_damage': 0}]
2024-08-06 14:01:22,564	[INFO]	(client.py:162)_bot_login	[botpy] 登录机器人账号中...
2024-08-06 14:01:22,748	[INFO]	(robot.py:65)update_access_token	[botpy] access_token expires_in 1596
2024-08-06 14:01:23,147	[INFO]	(client.py:181)_bot_init	[botpy] 程序启动...
2024-08-06 14:01:23,147	[INFO]	(connection.py:60)multi_run	[botpy] 最大并发连接数: 1, 启动会话数: 1
2024-08-06 14:01:23,147	[INFO]	(client.py:242)bot_connect	[botpy] 会话启动中...
2024-08-06 14:01:23,148	[INFO]	(gateway.py:115)ws_connect	[botpy] 启动中...
2024-08-06 14:01:23,280	[INFO]	(gateway.py:142)ws_identify	[botpy] 鉴权中...
2024-08-06 14:01:23,381	[INFO]	(gateway.py:85)on_message	[botpy] 机器人「彩星kami-测试中」启动成功！
2024-08-06 14:01:23,382	[INFO]	(gateway.py:223)_send_heart	[botpy] 心跳维持启动...
2024-08-06 14:01:23,382	[INFO]	(main.py:19)on_ready	robot 「彩星kami-测试中」 启动成功!
2024-08-06 14:01:32,431	[INFO]	(main.py:27)on_group_at_message_create	{'彩星kami-测试中'}
2024-08-06 14:01:32,431	[INFO]	(main.py:28)on_group_at_message_create	{'查询当前排名'}
2024-08-06 14:01:32,707	[INFO]	(main.py:31)on_group_at_message_create	[{'clan_name': '咖啡馆', 'leader_name': '未来', 'damage': 32945598130, 'rank': 1137, 'delta_damage': 0}]
2024-08-06 14:07:15,460	[INFO]	(client.py:162)_bot_login	[botpy] 登录机器人账号中...
2024-08-06 14:07:15,671	[INFO]	(robot.py:65)update_access_token	[botpy] access_token expires_in 1243
2024-08-06 14:07:16,098	[INFO]	(client.py:181)_bot_init	[botpy] 程序启动...
2024-08-06 14:07:16,098	[INFO]	(connection.py:60)multi_run	[botpy] 最大并发连接数: 1, 启动会话数: 1
2024-08-06 14:07:16,099	[INFO]	(client.py:242)bot_connect	[botpy] 会话启动中...
2024-08-06 14:07:16,099	[INFO]	(gateway.py:115)ws_connect	[botpy] 启动中...
2024-08-06 14:07:16,212	[INFO]	(gateway.py:142)ws_identify	[botpy] 鉴权中...
2024-08-06 14:07:16,314	[INFO]	(gateway.py:85)on_message	[botpy] 机器人「彩星kami-测试中」启动成功！
2024-08-06 14:07:16,314	[INFO]	(gateway.py:223)_send_heart	[botpy] 心跳维持启动...
2024-08-06 14:07:16,314	[INFO]	(main.py:19)on_ready	robot 「彩星kami-测试中」 启动成功!
2024-08-06 14:07:24,374	[INFO]	(main.py:27)on_group_at_message_create	{'彩星kami-测试中'}
2024-08-06 14:07:24,374	[INFO]	(main.py:28)on_group_at_message_create	{'查询当前排名'}
2024-08-06 14:07:24,661	[INFO]	(main.py:31)on_group_at_message_create	[{'clan_name': '咖啡馆', 'leader_name': '未来', 'damage': 32945598130, 'rank': 1137, 'delta_damage': 0}]
2024-08-06 14:08:15,978	[INFO]	(client.py:162)_bot_login	[botpy] 登录机器人账号中...
2024-08-06 14:08:16,138	[INFO]	(robot.py:65)update_access_token	[botpy] access_token expires_in 1182
2024-08-06 14:08:16,506	[INFO]	(client.py:181)_bot_init	[botpy] 程序启动...
2024-08-06 14:08:16,506	[INFO]	(connection.py:60)multi_run	[botpy] 最大并发连接数: 1, 启动会话数: 1
2024-08-06 14:08:16,507	[INFO]	(client.py:242)bot_connect	[botpy] 会话启动中...
2024-08-06 14:08:16,507	[INFO]	(gateway.py:115)ws_connect	[botpy] 启动中...
2024-08-06 14:08:16,628	[INFO]	(gateway.py:142)ws_identify	[botpy] 鉴权中...
2024-08-06 14:08:16,742	[INFO]	(gateway.py:85)on_message	[botpy] 机器人「彩星kami-测试中」启动成功！
2024-08-06 14:08:16,743	[INFO]	(gateway.py:223)_send_heart	[botpy] 心跳维持启动...
2024-08-06 14:08:16,743	[INFO]	(main.py:19)on_ready	robot 「彩星kami-测试中」 启动成功!
2024-08-06 14:08:24,292	[INFO]	(main.py:27)on_group_at_message_create	{'彩星kami-测试中'}
2024-08-06 14:08:24,293	[INFO]	(main.py:28)on_group_at_message_create	{'查询当前排名'}
2024-08-06 14:08:24,600	[INFO]	(main.py:31)on_group_at_message_create	[{'clan_name': '咖啡馆', 'leader_name': '未来', 'damage': 32945598130, 'rank': 1137, 'delta_damage': 0}]
2024-08-06 14:08:47,044	[INFO]	(client.py:162)_bot_login	[botpy] 登录机器人账号中...
2024-08-06 14:08:47,204	[INFO]	(robot.py:65)update_access_token	[botpy] access_token expires_in 1151
2024-08-06 14:08:47,624	[INFO]	(client.py:181)_bot_init	[botpy] 程序启动...
2024-08-06 14:08:47,624	[INFO]	(connection.py:60)multi_run	[botpy] 最大并发连接数: 1, 启动会话数: 1
2024-08-06 14:08:47,624	[INFO]	(client.py:242)bot_connect	[botpy] 会话启动中...
2024-08-06 14:08:47,624	[INFO]	(gateway.py:115)ws_connect	[botpy] 启动中...
2024-08-06 14:08:47,735	[INFO]	(gateway.py:142)ws_identify	[botpy] 鉴权中...
2024-08-06 14:08:47,829	[INFO]	(gateway.py:85)on_message	[botpy] 机器人「彩星kami-测试中」启动成功！
2024-08-06 14:08:47,829	[INFO]	(gateway.py:223)_send_heart	[botpy] 心跳维持启动...
2024-08-06 14:08:47,829	[INFO]	(main.py:19)on_ready	robot 「彩星kami-测试中」 启动成功!
2024-08-06 14:09:00,403	[INFO]	(main.py:27)on_group_at_message_create	{'彩星kami-测试中'}
2024-08-06 14:09:00,404	[INFO]	(main.py:28)on_group_at_message_create	{'查询当前排名'}
2024-08-06 14:09:00,684	[INFO]	(main.py:31)on_group_at_message_create	[{'clan_name': '咖啡馆', 'leader_name': '未来', 'damage': 32945598130, 'rank': 1137, 'delta_damage': 0}]
2024-08-06 17:05:19,541	[INFO]	(client.py:162)_bot_login	[botpy] 登录机器人账号中...
2024-08-06 17:05:20,843	[INFO]	(robot.py:65)update_access_token	[botpy] access_token expires_in 7200
2024-08-06 17:05:26,382	[WARNING]	(http.py:192)request	请求超时，请求连接: https://api.sgroup.qq.com/gateway/bot
2024-08-06 17:05:45,974	[INFO]	(client.py:162)_bot_login	[botpy] 登录机器人账号中...
2024-08-06 17:05:46,125	[INFO]	(robot.py:65)update_access_token	[botpy] access_token expires_in 7175
2024-08-06 17:05:47,574	[INFO]	(client.py:181)_bot_init	[botpy] 程序启动...
2024-08-06 17:05:47,574	[INFO]	(connection.py:60)multi_run	[botpy] 最大并发连接数: 1, 启动会话数: 1
2024-08-06 17:05:47,574	[INFO]	(client.py:242)bot_connect	[botpy] 会话启动中...
2024-08-06 17:05:47,574	[INFO]	(gateway.py:115)ws_connect	[botpy] 启动中...
2024-08-06 17:05:48,714	[INFO]	(gateway.py:142)ws_identify	[botpy] 鉴权中...
2024-08-06 17:05:48,817	[INFO]	(gateway.py:85)on_message	[botpy] 机器人「彩星kami-测试中」启动成功！
2024-08-06 17:05:48,817	[INFO]	(gateway.py:223)_send_heart	[botpy] 心跳维持启动...
2024-08-06 17:05:48,818	[INFO]	(main.py:19)on_ready	robot 「彩星kami-测试中」 启动成功!
2024-08-06 17:06:02,911	[INFO]	(main.py:27)on_group_at_message_create	{'彩星kami-测试中'}
2024-08-06 17:06:02,911	[INFO]	(main.py:28)on_group_at_message_create	{'查询当前排名'}
2024-08-06 17:06:03,249	[INFO]	(main.py:31)on_group_at_message_create	[{'clan_name': '咖啡馆', 'leader_name': '未来', 'damage': 32945598130, 'rank': 1137, 'delta_damage': 0}]
2024-08-06 17:06:42,144	[INFO]	(client.py:162)_bot_login	[botpy] 登录机器人账号中...
2024-08-06 17:06:42,291	[INFO]	(robot.py:65)update_access_token	[botpy] access_token expires_in 7119
2024-08-06 17:06:42,742	[INFO]	(client.py:181)_bot_init	[botpy] 程序启动...
2024-08-06 17:06:42,742	[INFO]	(connection.py:60)multi_run	[botpy] 最大并发连接数: 1, 启动会话数: 1
2024-08-06 17:06:42,742	[INFO]	(client.py:242)bot_connect	[botpy] 会话启动中...
2024-08-06 17:06:42,742	[INFO]	(gateway.py:115)ws_connect	[botpy] 启动中...
2024-08-06 17:06:45,878	[INFO]	(gateway.py:142)ws_identify	[botpy] 鉴权中...
2024-08-06 17:06:45,956	[INFO]	(gateway.py:85)on_message	[botpy] 机器人「彩星kami-测试中」启动成功！
2024-08-06 17:06:45,956	[INFO]	(gateway.py:223)_send_heart	[botpy] 心跳维持启动...
2024-08-06 17:06:45,957	[INFO]	(main.py:19)on_ready	robot 「彩星kami-测试中」 启动成功!
2024-08-06 17:06:50,994	[INFO]	(main.py:27)on_group_at_message_create	{'彩星kami-测试中'}
2024-08-06 17:06:50,994	[INFO]	(main.py:28)on_group_at_message_create	{'查询当前排名'}
2024-08-06 17:06:50,994	[INFO]	(main.py:31)on_group_at_message_create	<PcrUtils.test object at 0x000002B220725520>
2024-08-06 17:07:02,291	[INFO]	(client.py:162)_bot_login	[botpy] 登录机器人账号中...
2024-08-06 17:07:02,465	[INFO]	(robot.py:65)update_access_token	[botpy] access_token expires_in 7098
2024-08-06 17:07:02,910	[INFO]	(client.py:181)_bot_init	[botpy] 程序启动...
2024-08-06 17:07:02,910	[INFO]	(connection.py:60)multi_run	[botpy] 最大并发连接数: 1, 启动会话数: 1
2024-08-06 17:07:02,911	[INFO]	(client.py:242)bot_connect	[botpy] 会话启动中...
2024-08-06 17:07:02,911	[INFO]	(gateway.py:115)ws_connect	[botpy] 启动中...
2024-08-06 17:07:03,042	[INFO]	(gateway.py:142)ws_identify	[botpy] 鉴权中...
2024-08-06 17:07:03,126	[INFO]	(gateway.py:85)on_message	[botpy] 机器人「彩星kami-测试中」启动成功！
2024-08-06 17:07:03,127	[INFO]	(gateway.py:223)_send_heart	[botpy] 心跳维持启动...
2024-08-06 17:07:03,127	[INFO]	(main.py:19)on_ready	robot 「彩星kami-测试中」 启动成功!
2024-08-06 17:07:10,673	[INFO]	(main.py:27)on_group_at_message_create	{'彩星kami-测试中'}
2024-08-06 17:07:10,673	[INFO]	(main.py:28)on_group_at_message_create	{'查询当前排名'}
2024-08-06 17:07:10,673	[INFO]	(main.py:31)on_group_at_message_create	<PcrUtils.test object at 0x0000014521525760>
2024-08-06 17:07:51,674	[INFO]	(client.py:162)_bot_login	[botpy] 登录机器人账号中...
2024-08-06 17:07:51,861	[INFO]	(robot.py:65)update_access_token	[botpy] access_token expires_in 7049
2024-08-06 17:07:53,366	[INFO]	(client.py:181)_bot_init	[botpy] 程序启动...
2024-08-06 17:07:53,366	[INFO]	(connection.py:60)multi_run	[botpy] 最大并发连接数: 1, 启动会话数: 1
2024-08-06 17:07:53,366	[INFO]	(client.py:242)bot_connect	[botpy] 会话启动中...
2024-08-06 17:07:53,367	[INFO]	(gateway.py:115)ws_connect	[botpy] 启动中...
2024-08-06 17:07:53,503	[INFO]	(gateway.py:142)ws_identify	[botpy] 鉴权中...
2024-08-06 17:07:53,593	[INFO]	(gateway.py:85)on_message	[botpy] 机器人「彩星kami-测试中」启动成功！
2024-08-06 17:07:53,593	[INFO]	(gateway.py:223)_send_heart	[botpy] 心跳维持启动...
2024-08-06 17:07:53,594	[INFO]	(main.py:19)on_ready	robot 「彩星kami-测试中」 启动成功!
2024-08-06 17:08:00,122	[INFO]	(main.py:27)on_group_at_message_create	{'彩星kami-测试中'}
2024-08-06 17:08:00,122	[INFO]	(main.py:28)on_group_at_message_create	{'查询当前排名'}
2024-08-06 17:08:00,122	[INFO]	(main.py:31)on_group_at_message_create	<PcrUtils.test object at 0x000002333F88E330>
2024-08-06 17:08:13,378	[INFO]	(client.py:162)_bot_login	[botpy] 登录机器人账号中...
2024-08-06 17:08:13,558	[INFO]	(robot.py:65)update_access_token	[botpy] access_token expires_in 7027
2024-08-06 17:08:14,019	[INFO]	(client.py:181)_bot_init	[botpy] 程序启动...
2024-08-06 17:08:14,019	[INFO]	(connection.py:60)multi_run	[botpy] 最大并发连接数: 1, 启动会话数: 1
2024-08-06 17:08:14,019	[INFO]	(client.py:242)bot_connect	[botpy] 会话启动中...
2024-08-06 17:08:14,019	[INFO]	(gateway.py:115)ws_connect	[botpy] 启动中...
2024-08-06 17:08:14,158	[INFO]	(gateway.py:142)ws_identify	[botpy] 鉴权中...
2024-08-06 17:08:14,242	[INFO]	(gateway.py:85)on_message	[botpy] 机器人「彩星kami-测试中」启动成功！
2024-08-06 17:08:14,242	[INFO]	(gateway.py:223)_send_heart	[botpy] 心跳维持启动...
2024-08-06 17:08:14,243	[INFO]	(main.py:19)on_ready	robot 「彩星kami-测试中」 启动成功!
2024-08-06 17:08:30,829	[INFO]	(main.py:27)on_group_at_message_create	{'彩星kami-测试中'}
2024-08-06 17:08:30,830	[INFO]	(main.py:28)on_group_at_message_create	{'查询当前排名'}
2024-08-06 17:08:30,830	[INFO]	(main.py:31)on_group_at_message_create	<PcrUtils.test object at 0x0000024A55A7E8A0>
2024-08-06 17:09:39,757	[INFO]	(client.py:162)_bot_login	[botpy] 登录机器人账号中...
2024-08-06 17:09:39,947	[INFO]	(robot.py:65)update_access_token	[botpy] access_token expires_in 6941
2024-08-06 17:09:40,390	[INFO]	(client.py:181)_bot_init	[botpy] 程序启动...
2024-08-06 17:09:40,390	[INFO]	(connection.py:60)multi_run	[botpy] 最大并发连接数: 1, 启动会话数: 1
2024-08-06 17:09:40,390	[INFO]	(client.py:242)bot_connect	[botpy] 会话启动中...
2024-08-06 17:09:40,390	[INFO]	(gateway.py:115)ws_connect	[botpy] 启动中...
2024-08-06 17:09:40,525	[INFO]	(gateway.py:142)ws_identify	[botpy] 鉴权中...
2024-08-06 17:09:40,627	[INFO]	(gateway.py:85)on_message	[botpy] 机器人「彩星kami-测试中」启动成功！
2024-08-06 17:09:40,627	[INFO]	(gateway.py:223)_send_heart	[botpy] 心跳维持启动...
2024-08-06 17:09:40,627	[INFO]	(main.py:19)on_ready	robot 「彩星kami-测试中」 启动成功!
2024-08-06 17:09:52,363	[INFO]	(client.py:162)_bot_login	[botpy] 登录机器人账号中...
2024-08-06 17:09:52,515	[INFO]	(robot.py:65)update_access_token	[botpy] access_token expires_in 6928
2024-08-06 17:09:52,962	[INFO]	(client.py:181)_bot_init	[botpy] 程序启动...
2024-08-06 17:09:52,963	[INFO]	(connection.py:60)multi_run	[botpy] 最大并发连接数: 1, 启动会话数: 1
2024-08-06 17:09:52,963	[INFO]	(client.py:242)bot_connect	[botpy] 会话启动中...
2024-08-06 17:09:52,963	[INFO]	(gateway.py:115)ws_connect	[botpy] 启动中...
2024-08-06 17:09:53,094	[INFO]	(gateway.py:142)ws_identify	[botpy] 鉴权中...
2024-08-06 17:09:53,165	[INFO]	(gateway.py:85)on_message	[botpy] 机器人「彩星kami-测试中」启动成功！
2024-08-06 17:09:53,165	[INFO]	(gateway.py:223)_send_heart	[botpy] 心跳维持启动...
2024-08-06 17:09:53,166	[INFO]	(main.py:19)on_ready	robot 「彩星kami-测试中」 启动成功!
2024-08-06 17:10:03,243	[INFO]	(main.py:27)on_group_at_message_create	{'彩星kami-测试中'}
2024-08-06 17:10:03,243	[INFO]	(main.py:28)on_group_at_message_create	{'查询当前排名'}
2024-08-06 17:10:03,244	[INFO]	(main.py:31)on_group_at_message_create	<PcrUtils.test object at 0x000001A322FBBDA0>
2024-08-06 17:10:19,083	[INFO]	(client.py:162)_bot_login	[botpy] 登录机器人账号中...
2024-08-06 17:10:19,356	[INFO]	(robot.py:65)update_access_token	[botpy] access_token expires_in 6902
2024-08-06 17:10:22,837	[INFO]	(client.py:181)_bot_init	[botpy] 程序启动...
2024-08-06 17:10:22,838	[INFO]	(connection.py:60)multi_run	[botpy] 最大并发连接数: 1, 启动会话数: 1
2024-08-06 17:10:22,838	[INFO]	(client.py:242)bot_connect	[botpy] 会话启动中...
2024-08-06 17:10:22,838	[INFO]	(gateway.py:115)ws_connect	[botpy] 启动中...
2024-08-06 17:10:22,972	[INFO]	(gateway.py:142)ws_identify	[botpy] 鉴权中...
2024-08-06 17:10:23,053	[INFO]	(gateway.py:85)on_message	[botpy] 机器人「彩星kami-测试中」启动成功！
2024-08-06 17:10:23,054	[INFO]	(gateway.py:223)_send_heart	[botpy] 心跳维持启动...
2024-08-06 17:10:23,054	[INFO]	(main.py:19)on_ready	robot 「彩星kami-测试中」 启动成功!
2024-08-06 17:10:30,606	[INFO]	(main.py:27)on_group_at_message_create	{'彩星kami-测试中'}
2024-08-06 17:10:30,606	[INFO]	(main.py:28)on_group_at_message_create	{'查询当前排名'}
2024-08-06 17:10:30,955	[INFO]	(main.py:31)on_group_at_message_create	公会名：咖啡馆
会长名:未来
公会排名:1137.0
总伤害:3.294559813E10


2024-08-06 17:10:49,139	[INFO]	(client.py:162)_bot_login	[botpy] 登录机器人账号中...
2024-08-06 17:10:49,341	[INFO]	(robot.py:65)update_access_token	[botpy] access_token expires_in 6871
2024-08-06 17:10:52,749	[INFO]	(client.py:181)_bot_init	[botpy] 程序启动...
2024-08-06 17:10:52,750	[INFO]	(connection.py:60)multi_run	[botpy] 最大并发连接数: 1, 启动会话数: 1
2024-08-06 17:10:52,750	[INFO]	(client.py:242)bot_connect	[botpy] 会话启动中...
2024-08-06 17:10:52,750	[INFO]	(gateway.py:115)ws_connect	[botpy] 启动中...
2024-08-06 17:10:59,970	[INFO]	(gateway.py:142)ws_identify	[botpy] 鉴权中...
2024-08-06 17:11:00,061	[INFO]	(gateway.py:85)on_message	[botpy] 机器人「彩星kami-测试中」启动成功！
2024-08-06 17:11:00,061	[INFO]	(gateway.py:223)_send_heart	[botpy] 心跳维持启动...
2024-08-06 17:11:00,062	[INFO]	(main.py:19)on_ready	robot 「彩星kami-测试中」 启动成功!
2024-08-06 17:11:08,630	[INFO]	(main.py:27)on_group_at_message_create	{'彩星kami-测试中'}
2024-08-06 17:11:08,630	[INFO]	(main.py:28)on_group_at_message_create	{'查询当前排名'}
2024-08-06 17:11:12,157	[INFO]	(main.py:31)on_group_at_message_create	公会名：咖啡馆
会长名:未来
公会排名:1137.0
总伤害:3.294559813E10


2024-08-06 17:11:39,161	[INFO]	(client.py:162)_bot_login	[botpy] 登录机器人账号中...
2024-08-06 17:11:39,335	[INFO]	(robot.py:65)update_access_token	[botpy] access_token expires_in 6821
2024-08-06 17:11:42,731	[INFO]	(client.py:181)_bot_init	[botpy] 程序启动...
2024-08-06 17:11:42,731	[INFO]	(connection.py:60)multi_run	[botpy] 最大并发连接数: 1, 启动会话数: 1
2024-08-06 17:11:42,731	[INFO]	(client.py:242)bot_connect	[botpy] 会话启动中...
2024-08-06 17:11:42,731	[INFO]	(gateway.py:115)ws_connect	[botpy] 启动中...
2024-08-06 17:11:42,849	[INFO]	(gateway.py:142)ws_identify	[botpy] 鉴权中...
2024-08-06 17:11:42,930	[INFO]	(gateway.py:85)on_message	[botpy] 机器人「彩星kami-测试中」启动成功！
2024-08-06 17:11:42,930	[INFO]	(gateway.py:223)_send_heart	[botpy] 心跳维持启动...
2024-08-06 17:11:42,931	[INFO]	(main.py:19)on_ready	robot 「彩星kami-测试中」 启动成功!
2024-08-06 17:11:57,520	[INFO]	(main.py:27)on_group_at_message_create	{'彩星kami-测试中'}
2024-08-06 17:11:57,521	[INFO]	(main.py:28)on_group_at_message_create	{'查询当前排名'}
2024-08-06 17:11:57,754	[INFO]	(main.py:31)on_group_at_message_create	公会名：咖啡馆
会长名:未来
公会排名:1137.0
总伤害:3.294559813E10


2024-08-06 17:14:00,966	[INFO]	(client.py:162)_bot_login	[botpy] 登录机器人账号中...
2024-08-06 17:14:01,404	[INFO]	(robot.py:65)update_access_token	[botpy] access_token expires_in 6679
2024-08-06 17:14:03,855	[INFO]	(client.py:181)_bot_init	[botpy] 程序启动...
2024-08-06 17:14:03,856	[INFO]	(connection.py:60)multi_run	[botpy] 最大并发连接数: 1, 启动会话数: 1
2024-08-06 17:14:03,856	[INFO]	(client.py:242)bot_connect	[botpy] 会话启动中...
2024-08-06 17:14:03,856	[INFO]	(gateway.py:115)ws_connect	[botpy] 启动中...
2024-08-06 17:14:03,997	[INFO]	(gateway.py:142)ws_identify	[botpy] 鉴权中...
2024-08-06 17:14:04,097	[INFO]	(gateway.py:85)on_message	[botpy] 机器人「彩星kami-测试中」启动成功！
2024-08-06 17:14:04,097	[INFO]	(gateway.py:223)_send_heart	[botpy] 心跳维持启动...
2024-08-06 17:14:04,097	[INFO]	(main.py:19)on_ready	robot 「彩星kami-测试中」 启动成功!
2024-08-06 17:14:09,131	[INFO]	(main.py:27)on_group_at_message_create	{'彩星kami-测试中'}
2024-08-06 17:14:09,131	[INFO]	(main.py:28)on_group_at_message_create	{'查询当前排名'}
2024-08-06 17:14:09,316	[INFO]	(main.py:31)on_group_at_message_create	公会名：咖啡馆
会长名:未来
公会排名:1137.0
总伤害:3.294559813E10


2024-08-06 17:16:46,378	[INFO]	(client.py:162)_bot_login	[botpy] 登录机器人账号中...
2024-08-06 17:16:46,537	[INFO]	(robot.py:65)update_access_token	[botpy] access_token expires_in 6514
2024-08-06 17:16:46,997	[INFO]	(client.py:181)_bot_init	[botpy] 程序启动...
2024-08-06 17:16:46,997	[INFO]	(connection.py:60)multi_run	[botpy] 最大并发连接数: 1, 启动会话数: 1
2024-08-06 17:16:46,997	[INFO]	(client.py:242)bot_connect	[botpy] 会话启动中...
2024-08-06 17:16:46,997	[INFO]	(gateway.py:115)ws_connect	[botpy] 启动中...
2024-08-06 17:16:47,229	[INFO]	(gateway.py:142)ws_identify	[botpy] 鉴权中...
2024-08-06 17:16:47,342	[INFO]	(gateway.py:85)on_message	[botpy] 机器人「彩星kami-测试中」启动成功！
2024-08-06 17:16:47,342	[INFO]	(gateway.py:223)_send_heart	[botpy] 心跳维持启动...
2024-08-06 17:16:47,342	[INFO]	(main.py:19)on_ready	robot 「彩星kami-测试中」 启动成功!
2024-08-06 17:16:54,879	[INFO]	(main.py:27)on_group_at_message_create	{'彩星kami-测试中'}
2024-08-06 17:16:54,879	[INFO]	(main.py:28)on_group_at_message_create	{'查询当前排名'}
2024-08-06 17:16:56,122	[INFO]	(main.py:31)on_group_at_message_create	公会名：咖啡馆
会长名:未来
公会排名:1137.0
总伤害:3.294559813E10


2024-08-06 17:17:45,193	[INFO]	(client.py:162)_bot_login	[botpy] 登录机器人账号中...
2024-08-06 17:17:45,467	[INFO]	(robot.py:65)update_access_token	[botpy] access_token expires_in 6455
2024-08-06 17:17:45,881	[INFO]	(client.py:181)_bot_init	[botpy] 程序启动...
2024-08-06 17:17:45,881	[INFO]	(connection.py:60)multi_run	[botpy] 最大并发连接数: 1, 启动会话数: 1
2024-08-06 17:17:45,881	[INFO]	(client.py:242)bot_connect	[botpy] 会话启动中...
2024-08-06 17:17:45,881	[INFO]	(gateway.py:115)ws_connect	[botpy] 启动中...
2024-08-06 17:17:46,002	[INFO]	(gateway.py:142)ws_identify	[botpy] 鉴权中...
2024-08-06 17:17:46,084	[INFO]	(gateway.py:85)on_message	[botpy] 机器人「彩星kami-测试中」启动成功！
2024-08-06 17:17:46,084	[INFO]	(gateway.py:223)_send_heart	[botpy] 心跳维持启动...
2024-08-06 17:17:46,085	[INFO]	(main.py:19)on_ready	robot 「彩星kami-测试中」 启动成功!
2024-08-06 17:17:51,112	[INFO]	(main.py:27)on_group_at_message_create	{'彩星kami-测试中'}
2024-08-06 17:17:51,113	[INFO]	(main.py:28)on_group_at_message_create	{'查询当前排名'}
2024-08-06 17:17:51,341	[INFO]	(main.py:31)on_group_at_message_create	<class 'str'>
2024-08-06 17:18:09,543	[INFO]	(client.py:162)_bot_login	[botpy] 登录机器人账号中...
2024-08-06 17:18:09,695	[INFO]	(robot.py:65)update_access_token	[botpy] access_token expires_in 6431
2024-08-06 17:18:10,105	[INFO]	(client.py:181)_bot_init	[botpy] 程序启动...
2024-08-06 17:18:10,105	[INFO]	(connection.py:60)multi_run	[botpy] 最大并发连接数: 1, 启动会话数: 1
2024-08-06 17:18:10,105	[INFO]	(client.py:242)bot_connect	[botpy] 会话启动中...
2024-08-06 17:18:10,105	[INFO]	(gateway.py:115)ws_connect	[botpy] 启动中...
2024-08-06 17:18:10,231	[INFO]	(gateway.py:142)ws_identify	[botpy] 鉴权中...
2024-08-06 17:18:10,303	[INFO]	(gateway.py:85)on_message	[botpy] 机器人「彩星kami-测试中」启动成功！
2024-08-06 17:18:10,303	[INFO]	(gateway.py:223)_send_heart	[botpy] 心跳维持启动...
2024-08-06 17:18:10,303	[INFO]	(main.py:19)on_ready	robot 「彩星kami-测试中」 启动成功!
2024-08-06 17:18:19,219	[INFO]	(client.py:162)_bot_login	[botpy] 登录机器人账号中...
2024-08-06 17:18:19,380	[INFO]	(robot.py:65)update_access_token	[botpy] access_token expires_in 6421
2024-08-06 17:18:19,804	[INFO]	(client.py:181)_bot_init	[botpy] 程序启动...
2024-08-06 17:18:19,804	[INFO]	(connection.py:60)multi_run	[botpy] 最大并发连接数: 1, 启动会话数: 1
2024-08-06 17:18:19,804	[INFO]	(client.py:242)bot_connect	[botpy] 会话启动中...
2024-08-06 17:18:19,804	[INFO]	(gateway.py:115)ws_connect	[botpy] 启动中...
2024-08-06 17:18:20,016	[INFO]	(gateway.py:142)ws_identify	[botpy] 鉴权中...
2024-08-06 17:18:20,104	[INFO]	(gateway.py:85)on_message	[botpy] 机器人「彩星kami-测试中」启动成功！
2024-08-06 17:18:20,104	[INFO]	(gateway.py:223)_send_heart	[botpy] 心跳维持启动...
2024-08-06 17:18:20,104	[INFO]	(main.py:19)on_ready	robot 「彩星kami-测试中」 启动成功!
2024-08-06 17:18:28,649	[INFO]	(main.py:27)on_group_at_message_create	{'彩星kami-测试中'}
2024-08-06 17:18:28,649	[INFO]	(main.py:28)on_group_at_message_create	{'查询当前排名'}
2024-08-06 17:18:28,833	[INFO]	(main.py:31)on_group_at_message_create	<class 'str'>
2024-08-06 17:18:51,295	[INFO]	(client.py:162)_bot_login	[botpy] 登录机器人账号中...
2024-08-06 17:18:51,445	[INFO]	(robot.py:65)update_access_token	[botpy] access_token expires_in 6389
2024-08-06 17:18:51,863	[INFO]	(client.py:181)_bot_init	[botpy] 程序启动...
2024-08-06 17:18:51,863	[INFO]	(connection.py:60)multi_run	[botpy] 最大并发连接数: 1, 启动会话数: 1
2024-08-06 17:18:51,863	[INFO]	(client.py:242)bot_connect	[botpy] 会话启动中...
2024-08-06 17:18:51,864	[INFO]	(gateway.py:115)ws_connect	[botpy] 启动中...
2024-08-06 17:18:51,993	[INFO]	(gateway.py:142)ws_identify	[botpy] 鉴权中...
2024-08-06 17:18:52,161	[INFO]	(gateway.py:85)on_message	[botpy] 机器人「彩星kami-测试中」启动成功！
2024-08-06 17:18:52,161	[INFO]	(gateway.py:223)_send_heart	[botpy] 心跳维持启动...
2024-08-06 17:18:52,161	[INFO]	(main.py:19)on_ready	robot 「彩星kami-测试中」 启动成功!
2024-08-06 17:18:59,704	[INFO]	(main.py:27)on_group_at_message_create	{'彩星kami-测试中'}
2024-08-06 17:18:59,704	[INFO]	(main.py:28)on_group_at_message_create	{'查询当前排名'}
2024-08-06 17:18:59,903	[INFO]	(main.py:31)on_group_at_message_create	<class 'str'>
2024-08-06 17:19:01,275	[ERROR]	(http.py:76)_handle_response	[botpy] 接口请求异常，请求连接: https://api.sgroup.qq.com/v2/groups/67C4F014261439CAC2C7AF2848521C0C/messages, 错误代码: 400, 返回内容: {'message': '消息被去重，请检查请求msgseq', 'code': 40054005, 'err_code': 40054005, 'trace_id': '6a11e061e4c5c97a910e6a8c6db1c78f'}, trace_id:6a11e061e4c5c97a910e6a8c6db1c78f
2024-08-06 17:19:16,860	[INFO]	(client.py:162)_bot_login	[botpy] 登录机器人账号中...
2024-08-06 17:19:17,052	[INFO]	(robot.py:65)update_access_token	[botpy] access_token expires_in 6364
2024-08-06 17:19:17,537	[INFO]	(client.py:181)_bot_init	[botpy] 程序启动...
2024-08-06 17:19:17,538	[INFO]	(connection.py:60)multi_run	[botpy] 最大并发连接数: 1, 启动会话数: 1
2024-08-06 17:19:17,538	[INFO]	(client.py:242)bot_connect	[botpy] 会话启动中...
2024-08-06 17:19:17,539	[INFO]	(gateway.py:115)ws_connect	[botpy] 启动中...
2024-08-06 17:19:17,671	[INFO]	(gateway.py:142)ws_identify	[botpy] 鉴权中...
2024-08-06 17:19:17,763	[INFO]	(gateway.py:85)on_message	[botpy] 机器人「彩星kami-测试中」启动成功！
2024-08-06 17:19:17,763	[INFO]	(gateway.py:223)_send_heart	[botpy] 心跳维持启动...
2024-08-06 17:19:17,763	[INFO]	(main.py:19)on_ready	robot 「彩星kami-测试中」 启动成功!
2024-08-06 17:36:09,522	[INFO]	(client.py:162)_bot_login	[botpy] 登录机器人账号中...
2024-08-06 17:36:09,709	[INFO]	(robot.py:65)update_access_token	[botpy] access_token expires_in 5351
2024-08-06 17:36:10,154	[INFO]	(client.py:181)_bot_init	[botpy] 程序启动...
2024-08-06 17:36:10,154	[INFO]	(connection.py:60)multi_run	[botpy] 最大并发连接数: 1, 启动会话数: 1
2024-08-06 17:36:10,155	[INFO]	(client.py:242)bot_connect	[botpy] 会话启动中...
2024-08-06 17:36:10,155	[INFO]	(gateway.py:115)ws_connect	[botpy] 启动中...
2024-08-06 17:36:10,290	[INFO]	(gateway.py:142)ws_identify	[botpy] 鉴权中...
2024-08-06 17:36:10,391	[INFO]	(gateway.py:85)on_message	[botpy] 机器人「彩星kami-测试中」启动成功！
2024-08-06 17:36:10,391	[INFO]	(gateway.py:223)_send_heart	[botpy] 心跳维持启动...
2024-08-06 17:36:10,391	[INFO]	(main.py:19)on_ready	robot 「彩星kami-测试中」 启动成功!
2024-08-06 17:36:20,947	[INFO]	(main.py:27)on_group_at_message_create	{'彩星kami-测试中'}
2024-08-06 17:36:20,948	[INFO]	(main.py:28)on_group_at_message_create	{'挂树'}
2024-08-06 17:36:57,425	[INFO]	(client.py:162)_bot_login	[botpy] 登录机器人账号中...
2024-08-06 17:36:57,610	[INFO]	(robot.py:65)update_access_token	[botpy] access_token expires_in 5303
2024-08-06 17:36:58,024	[INFO]	(client.py:181)_bot_init	[botpy] 程序启动...
2024-08-06 17:36:58,024	[INFO]	(connection.py:60)multi_run	[botpy] 最大并发连接数: 1, 启动会话数: 1
2024-08-06 17:36:58,024	[INFO]	(client.py:242)bot_connect	[botpy] 会话启动中...
2024-08-06 17:36:58,024	[INFO]	(gateway.py:115)ws_connect	[botpy] 启动中...
2024-08-06 17:36:58,167	[INFO]	(gateway.py:142)ws_identify	[botpy] 鉴权中...
2024-08-06 17:36:58,247	[INFO]	(gateway.py:85)on_message	[botpy] 机器人「彩星kami-测试中」启动成功！
2024-08-06 17:36:58,247	[INFO]	(gateway.py:223)_send_heart	[botpy] 心跳维持启动...
2024-08-06 17:36:58,248	[INFO]	(main.py:19)on_ready	robot 「彩星kami-测试中」 启动成功!
2024-08-06 17:37:09,377	[INFO]	(main.py:27)on_group_at_message_create	{'彩星kami-测试中'}
2024-08-06 17:37:09,377	[INFO]	(main.py:28)on_group_at_message_create	{'挂树'}
2024-08-06 17:37:49,518	[INFO]	(client.py:162)_bot_login	[botpy] 登录机器人账号中...
2024-08-06 17:37:49,684	[INFO]	(robot.py:65)update_access_token	[botpy] access_token expires_in 5251
2024-08-06 17:37:50,110	[INFO]	(client.py:181)_bot_init	[botpy] 程序启动...
2024-08-06 17:37:50,110	[INFO]	(connection.py:60)multi_run	[botpy] 最大并发连接数: 1, 启动会话数: 1
2024-08-06 17:37:50,110	[INFO]	(client.py:242)bot_connect	[botpy] 会话启动中...
2024-08-06 17:37:50,110	[INFO]	(gateway.py:115)ws_connect	[botpy] 启动中...
2024-08-06 17:37:53,254	[INFO]	(gateway.py:142)ws_identify	[botpy] 鉴权中...
2024-08-06 17:37:53,343	[INFO]	(gateway.py:85)on_message	[botpy] 机器人「彩星kami-测试中」启动成功！
2024-08-06 17:37:53,344	[INFO]	(gateway.py:223)_send_heart	[botpy] 心跳维持启动...
2024-08-06 17:37:53,345	[INFO]	(main.py:19)on_ready	robot 「彩星kami-测试中」 启动成功!
2024-08-06 17:37:57,373	[INFO]	(main.py:27)on_group_at_message_create	{'彩星kami-测试中'}
2024-08-06 17:37:57,374	[INFO]	(main.py:28)on_group_at_message_create	{'挂树'}
2024-08-06 17:40:32,117	[INFO]	(client.py:162)_bot_login	[botpy] 登录机器人账号中...
2024-08-06 17:40:32,266	[INFO]	(robot.py:65)update_access_token	[botpy] access_token expires_in 5089
2024-08-06 17:40:32,726	[INFO]	(client.py:181)_bot_init	[botpy] 程序启动...
2024-08-06 17:40:32,726	[INFO]	(connection.py:60)multi_run	[botpy] 最大并发连接数: 1, 启动会话数: 1
2024-08-06 17:40:32,726	[INFO]	(client.py:242)bot_connect	[botpy] 会话启动中...
2024-08-06 17:40:32,726	[INFO]	(gateway.py:115)ws_connect	[botpy] 启动中...
2024-08-06 17:40:32,858	[INFO]	(gateway.py:142)ws_identify	[botpy] 鉴权中...
2024-08-06 17:40:32,967	[INFO]	(gateway.py:85)on_message	[botpy] 机器人「彩星kami-测试中」启动成功！
2024-08-06 17:40:32,967	[INFO]	(gateway.py:223)_send_heart	[botpy] 心跳维持启动...
2024-08-06 17:40:32,967	[INFO]	(main.py:19)on_ready	robot 「彩星kami-测试中」 启动成功!
2024-08-06 17:40:41,025	[INFO]	(main.py:27)on_group_at_message_create	{'彩星kami-测试中'}
2024-08-06 17:40:41,026	[INFO]	(main.py:28)on_group_at_message_create	{'挂树'}
2024-08-06 17:49:00,595	[INFO]	(client.py:162)_bot_login	[botpy] 登录机器人账号中...
2024-08-06 17:49:00,777	[INFO]	(robot.py:65)update_access_token	[botpy] access_token expires_in 4580
2024-08-06 17:49:01,334	[INFO]	(client.py:181)_bot_init	[botpy] 程序启动...
2024-08-06 17:49:01,334	[INFO]	(connection.py:60)multi_run	[botpy] 最大并发连接数: 1, 启动会话数: 1
2024-08-06 17:49:01,334	[INFO]	(client.py:242)bot_connect	[botpy] 会话启动中...
2024-08-06 17:49:01,334	[INFO]	(gateway.py:115)ws_connect	[botpy] 启动中...
2024-08-06 17:49:01,541	[INFO]	(gateway.py:142)ws_identify	[botpy] 鉴权中...
2024-08-06 17:49:01,660	[INFO]	(gateway.py:85)on_message	[botpy] 机器人「彩星kami-测试中」启动成功！
2024-08-06 17:49:01,660	[INFO]	(gateway.py:223)_send_heart	[botpy] 心跳维持启动...
2024-08-06 17:49:01,661	[INFO]	(main.py:19)on_ready	robot 「彩星kami-测试中」 启动成功!
2024-08-06 17:49:20,273	[INFO]	(main.py:27)on_group_at_message_create	{'彩星kami-测试中'}
2024-08-06 17:49:20,273	[INFO]	(main.py:28)on_group_at_message_create	{'挂树'}
2024-08-06 17:54:23,232	[INFO]	(client.py:162)_bot_login	[botpy] 登录机器人账号中...
2024-08-06 17:54:43,386	[INFO]	(robot.py:58)update_access_token	[botpy] access_token TimeoutError:
2024-08-06 17:54:51,110	[INFO]	(client.py:162)_bot_login	[botpy] 登录机器人账号中...
2024-08-06 17:54:54,301	[INFO]	(robot.py:65)update_access_token	[botpy] access_token expires_in 4226
2024-08-06 17:54:54,749	[INFO]	(client.py:181)_bot_init	[botpy] 程序启动...
2024-08-06 17:54:54,749	[INFO]	(connection.py:60)multi_run	[botpy] 最大并发连接数: 1, 启动会话数: 1
2024-08-06 17:54:54,750	[INFO]	(client.py:242)bot_connect	[botpy] 会话启动中...
2024-08-06 17:54:54,750	[INFO]	(gateway.py:115)ws_connect	[botpy] 启动中...
2024-08-06 17:54:55,887	[INFO]	(gateway.py:142)ws_identify	[botpy] 鉴权中...
2024-08-06 17:54:55,984	[INFO]	(gateway.py:85)on_message	[botpy] 机器人「彩星kami-测试中」启动成功！
2024-08-06 17:54:55,984	[INFO]	(gateway.py:223)_send_heart	[botpy] 心跳维持启动...
2024-08-06 17:54:55,985	[INFO]	(main.py:19)on_ready	robot 「彩星kami-测试中」 启动成功!
2024-08-06 17:55:01,512	[INFO]	(main.py:27)on_group_at_message_create	{'彩星kami-测试中'}
2024-08-06 17:55:01,512	[INFO]	(main.py:28)on_group_at_message_create	{'@    aaaa'}
2024-08-06 17:55:36,224	[INFO]	(main.py:27)on_group_at_message_create	{'彩星kami-测试中'}
2024-08-06 17:55:36,225	[INFO]	(main.py:28)on_group_at_message_create	{'a'}
2024-08-07 11:13:02,339	[INFO]	(client.py:162)_bot_login	[botpy] 登录机器人账号中...
2024-08-07 11:13:02,636	[INFO]	(robot.py:65)update_access_token	[botpy] access_token expires_in 4702
2024-08-07 11:13:03,181	[INFO]	(client.py:181)_bot_init	[botpy] 程序启动...
2024-08-07 11:13:03,181	[INFO]	(connection.py:60)multi_run	[botpy] 最大并发连接数: 1, 启动会话数: 1
2024-08-07 11:13:03,182	[INFO]	(client.py:242)bot_connect	[botpy] 会话启动中...
2024-08-07 11:13:03,182	[INFO]	(gateway.py:115)ws_connect	[botpy] 启动中...
2024-08-07 11:13:03,324	[INFO]	(gateway.py:142)ws_identify	[botpy] 鉴权中...
2024-08-07 11:13:03,471	[INFO]	(gateway.py:85)on_message	[botpy] 机器人「彩星kami-测试中」启动成功！
2024-08-07 11:13:03,471	[INFO]	(gateway.py:223)_send_heart	[botpy] 心跳维持启动...
2024-08-07 11:13:03,471	[INFO]	(main.py:19)on_ready	robot 「彩星kami-测试中」 启动成功!
2024-08-07 11:13:35,140	[INFO]	(main.py:27)on_group_at_message_create	{'彩星kami-测试中'}
2024-08-07 11:13:35,140	[INFO]	(main.py:28)on_group_at_message_create	{'【更新param】'}
2024-08-07 11:14:18,910	[INFO]	(client.py:162)_bot_login	[botpy] 登录机器人账号中...
2024-08-07 11:14:19,060	[INFO]	(robot.py:65)update_access_token	[botpy] access_token expires_in 4626
2024-08-07 11:14:19,512	[INFO]	(client.py:181)_bot_init	[botpy] 程序启动...
2024-08-07 11:14:19,512	[INFO]	(connection.py:60)multi_run	[botpy] 最大并发连接数: 1, 启动会话数: 1
2024-08-07 11:14:19,512	[INFO]	(client.py:242)bot_connect	[botpy] 会话启动中...
2024-08-07 11:14:19,512	[INFO]	(gateway.py:115)ws_connect	[botpy] 启动中...
2024-08-07 11:14:19,649	[INFO]	(gateway.py:142)ws_identify	[botpy] 鉴权中...
2024-08-07 11:14:19,736	[INFO]	(gateway.py:85)on_message	[botpy] 机器人「彩星kami-测试中」启动成功！
2024-08-07 11:14:19,736	[INFO]	(gateway.py:223)_send_heart	[botpy] 心跳维持启动...
2024-08-07 11:14:19,737	[INFO]	(main.py:19)on_ready	robot 「彩星kami-测试中」 启动成功!
2024-08-07 11:14:43,357	[INFO]	(main.py:27)on_group_at_message_create	{'彩星kami-测试中'}
2024-08-07 11:14:43,357	[INFO]	(main.py:28)on_group_at_message_create	{'【更新param】'}
2024-08-07 11:14:43,357	[INFO]	(main.py:40)on_group_at_message_create	 【更新param】
